CRITICAL - 2021-12-11 05:10:09 --> Call to undefined function App\Controllers\setJSON()
#0 /app/system/CodeIgniter.php(824): App\Controllers\User->is_loggedin()
#1 /app/system/CodeIgniter.php(410): CodeIgniter\CodeIgniter->runController(Object(App\Controllers\User))
#2 /app/system/CodeIgniter.php(318): CodeIgniter\CodeIgniter->handleRequest(NULL, Object(Config\Cache), false)
#3 /app/public/index.php(37): CodeIgniter\CodeIgniter->run()
#4 {main}
CRITICAL - 2021-12-11 06:47:33 --> Attempt to read property "hashtag_id" on array
#0 /app/app/Controllers/Post.php(86): CodeIgniter\Debug\Exceptions->errorHandler(2, 'Attempt to read...', '/app/app/Contro...', 86)
#1 /app/system/CodeIgniter.php(824): App\Controllers\Post->get_certain_posts_data()
#2 /app/system/CodeIgniter.php(410): CodeIgniter\CodeIgniter->runController(Object(App\Controllers\Post))
#3 /app/system/CodeIgniter.php(318): CodeIgniter\CodeIgniter->handleRequest(NULL, Object(Config\Cache), false)
#4 /app/public/index.php(37): CodeIgniter\CodeIgniter->run()
#5 {main}
CRITICAL - 2021-12-11 06:48:37 --> syntax error, unexpected variable "$post_hashtagses"
#0 /app/system/Router/Router.php(176): CodeIgniter\Router\Router->autoRoute('post/get_certai...')
#1 /app/system/CodeIgniter.php(718): CodeIgniter\Router\Router->handle('post/get_certai...')
#2 /app/system/CodeIgniter.php(359): CodeIgniter\CodeIgniter->tryToRouteIt(Object(CodeIgniter\Router\RouteCollection))
#3 /app/system/CodeIgniter.php(318): CodeIgniter\CodeIgniter->handleRequest(NULL, Object(Config\Cache), false)
#4 /app/public/index.php(37): CodeIgniter\CodeIgniter->run()
#5 {main}
CRITICAL - 2021-12-11 06:49:23 --> syntax error, unexpected variable "$post_hashtagses"
#0 /app/system/Router/Router.php(176): CodeIgniter\Router\Router->autoRoute('post/get_certai...')
#1 /app/system/CodeIgniter.php(718): CodeIgniter\Router\Router->handle('post/get_certai...')
#2 /app/system/CodeIgniter.php(359): CodeIgniter\CodeIgniter->tryToRouteIt(Object(CodeIgniter\Router\RouteCollection))
#3 /app/system/CodeIgniter.php(318): CodeIgniter\CodeIgniter->handleRequest(NULL, Object(Config\Cache), false)
#4 /app/public/index.php(37): CodeIgniter\CodeIgniter->run()
#5 {main}
CRITICAL - 2021-12-11 06:49:36 --> Attempt to read property "hashtag_id" on array
#0 /app/app/Controllers/Post.php(87): CodeIgniter\Debug\Exceptions->errorHandler(2, 'Attempt to read...', '/app/app/Contro...', 87)
#1 /app/system/CodeIgniter.php(824): App\Controllers\Post->get_certain_posts_data()
#2 /app/system/CodeIgniter.php(410): CodeIgniter\CodeIgniter->runController(Object(App\Controllers\Post))
#3 /app/system/CodeIgniter.php(318): CodeIgniter\CodeIgniter->handleRequest(NULL, Object(Config\Cache), false)
#4 /app/public/index.php(37): CodeIgniter\CodeIgniter->run()
#5 {main}
CRITICAL - 2021-12-11 06:49:43 --> Attempt to read property "hashtag_id" on array
#0 /app/app/Controllers/Post.php(87): CodeIgniter\Debug\Exceptions->errorHandler(2, 'Attempt to read...', '/app/app/Contro...', 87)
#1 /app/system/CodeIgniter.php(824): App\Controllers\Post->get_certain_posts_data()
#2 /app/system/CodeIgniter.php(410): CodeIgniter\CodeIgniter->runController(Object(App\Controllers\Post))
#3 /app/system/CodeIgniter.php(318): CodeIgniter\CodeIgniter->handleRequest(NULL, Object(Config\Cache), false)
#4 /app/public/index.php(37): CodeIgniter\CodeIgniter->run()
#5 {main}
CRITICAL - 2021-12-11 06:50:08 --> Attempt to read property "post_id" on array
#0 /app/app/Controllers/Post.php(98): CodeIgniter\Debug\Exceptions->errorHandler(2, 'Attempt to read...', '/app/app/Contro...', 98)
#1 /app/system/CodeIgniter.php(824): App\Controllers\Post->get_certain_posts_data()
#2 /app/system/CodeIgniter.php(410): CodeIgniter\CodeIgniter->runController(Object(App\Controllers\Post))
#3 /app/system/CodeIgniter.php(318): CodeIgniter\CodeIgniter->handleRequest(NULL, Object(Config\Cache), false)
#4 /app/public/index.php(37): CodeIgniter\CodeIgniter->run()
#5 {main}
CRITICAL - 2021-12-11 06:51:21 --> Attempt to read property "post_id" on array
#0 /app/app/Controllers/Post.php(99): CodeIgniter\Debug\Exceptions->errorHandler(2, 'Attempt to read...', '/app/app/Contro...', 99)
#1 /app/system/CodeIgniter.php(824): App\Controllers\Post->get_certain_posts_data()
#2 /app/system/CodeIgniter.php(410): CodeIgniter\CodeIgniter->runController(Object(App\Controllers\Post))
#3 /app/system/CodeIgniter.php(318): CodeIgniter\CodeIgniter->handleRequest(NULL, Object(Config\Cache), false)
#4 /app/public/index.php(37): CodeIgniter\CodeIgniter->run()
#5 {main}
CRITICAL - 2021-12-11 06:51:43 --> Attempt to read property "post_id" on array
#0 /app/app/Controllers/Post.php(104): CodeIgniter\Debug\Exceptions->errorHandler(2, 'Attempt to read...', '/app/app/Contro...', 104)
#1 /app/system/CodeIgniter.php(824): App\Controllers\Post->get_certain_posts_data()
#2 /app/system/CodeIgniter.php(410): CodeIgniter\CodeIgniter->runController(Object(App\Controllers\Post))
#3 /app/system/CodeIgniter.php(318): CodeIgniter\CodeIgniter->handleRequest(NULL, Object(Config\Cache), false)
#4 /app/public/index.php(37): CodeIgniter\CodeIgniter->run()
#5 {main}
CRITICAL - 2021-12-11 06:52:10 --> Attempt to read property "user_id" on array
#0 /app/app/Controllers/Post.php(108): CodeIgniter\Debug\Exceptions->errorHandler(2, 'Attempt to read...', '/app/app/Contro...', 108)
#1 /app/system/CodeIgniter.php(824): App\Controllers\Post->get_certain_posts_data()
#2 /app/system/CodeIgniter.php(410): CodeIgniter\CodeIgniter->runController(Object(App\Controllers\Post))
#3 /app/system/CodeIgniter.php(318): CodeIgniter\CodeIgniter->handleRequest(NULL, Object(Config\Cache), false)
#4 /app/public/index.php(37): CodeIgniter\CodeIgniter->run()
#5 {main}
CRITICAL - 2021-12-11 06:59:13 --> in_array(): Argument #2 ($haystack) must be of type array, stdClass given
#0 /app/app/Controllers/Post.php(102): in_array(Object(stdClass), Object(stdClass))
#1 /app/system/CodeIgniter.php(824): App\Controllers\Post->get_certain_posts_data()
#2 /app/system/CodeIgniter.php(410): CodeIgniter\CodeIgniter->runController(Object(App\Controllers\Post))
#3 /app/system/CodeIgniter.php(318): CodeIgniter\CodeIgniter->handleRequest(NULL, Object(Config\Cache), false)
#4 /app/public/index.php(37): CodeIgniter\CodeIgniter->run()
#5 {main}
CRITICAL - 2021-12-11 07:01:45 --> Object of class stdClass could not be converted to string
#0 /app/system/CodeIgniter.php(824): App\Controllers\Post->get_certain_posts_data()
#1 /app/system/CodeIgniter.php(410): CodeIgniter\CodeIgniter->runController(Object(App\Controllers\Post))
#2 /app/system/CodeIgniter.php(318): CodeIgniter\CodeIgniter->handleRequest(NULL, Object(Config\Cache), false)
#3 /app/public/index.php(37): CodeIgniter\CodeIgniter->run()
#4 {main}
CRITICAL - 2021-12-11 07:02:12 --> Object of class stdClass could not be converted to string
#0 /app/system/CodeIgniter.php(824): App\Controllers\Post->get_certain_posts_data()
#1 /app/system/CodeIgniter.php(410): CodeIgniter\CodeIgniter->runController(Object(App\Controllers\Post))
#2 /app/system/CodeIgniter.php(318): CodeIgniter\CodeIgniter->handleRequest(NULL, Object(Config\Cache), false)
#3 /app/public/index.php(37): CodeIgniter\CodeIgniter->run()
#4 {main}
