ERROR - 2021-12-30 07:36:22 --> Cannot delete or update a parent row: a foreign key constraint fails (`glimradb`.`notification`, CONSTRAINT `fk_notification_comment1` FOREIGN KEY (`comment_id`) REFERENCES `comment` (`comment_id`) ON DELETE NO ACTION ON UPDATE NO ACTION)
CRITICAL - 2021-12-30 07:36:22 --> Cannot delete or update a parent row: a foreign key constraint fails (`glimradb`.`notification`, CONSTRAINT `fk_notification_comment1` FOREIGN KEY (`comment_id`) REFERENCES `comment` (`comment_id`) ON DELETE NO ACTION ON UPDATE NO ACTION)
#0 /app/system/Database/MySQLi/Connection.php(292): mysqli->query('DELETE FROM pos...', 0)
#1 /app/system/Database/BaseConnection.php(670): CodeIgniter\Database\MySQLi\Connection->execute('DELETE FROM pos...')
#2 /app/system/Database/BaseConnection.php(598): CodeIgniter\Database\BaseConnection->simpleQuery('DELETE FROM pos...')
#3 /app/app/Models/PostModel.php(86): CodeIgniter\Database\BaseConnection->query('DELETE FROM pos...')
#4 /app/app/Controllers/Post.php(369): App\Models\PostModel->delete_all_posts()
#5 /app/system/CodeIgniter.php(824): App\Controllers\Post->delete_all_posts()
#6 /app/system/CodeIgniter.php(410): CodeIgniter\CodeIgniter->runController(Object(App\Controllers\Post))
#7 /app/system/CodeIgniter.php(318): CodeIgniter\CodeIgniter->handleRequest(NULL, Object(Config\Cache), false)
#8 /app/public/index.php(37): CodeIgniter\CodeIgniter->run()
#9 {main}
ERROR - 2021-12-30 07:36:30 --> Cannot delete or update a parent row: a foreign key constraint fails (`glimradb`.`notification`, CONSTRAINT `fk_notification_comment1` FOREIGN KEY (`comment_id`) REFERENCES `comment` (`comment_id`) ON DELETE NO ACTION ON UPDATE NO ACTION)
CRITICAL - 2021-12-30 07:36:30 --> Cannot delete or update a parent row: a foreign key constraint fails (`glimradb`.`notification`, CONSTRAINT `fk_notification_comment1` FOREIGN KEY (`comment_id`) REFERENCES `comment` (`comment_id`) ON DELETE NO ACTION ON UPDATE NO ACTION)
#0 /app/system/Database/MySQLi/Connection.php(292): mysqli->query('DELETE FROM com...', 0)
#1 /app/system/Database/BaseConnection.php(670): CodeIgniter\Database\MySQLi\Connection->execute('DELETE FROM com...')
#2 /app/system/Database/BaseConnection.php(598): CodeIgniter\Database\BaseConnection->simpleQuery('DELETE FROM com...')
#3 /app/app/Models/CommentModel.php(57): CodeIgniter\Database\BaseConnection->query('DELETE FROM com...')
#4 /app/app/Controllers/Comment.php(254): App\Models\CommentModel->delete_all_comments()
#5 /app/system/CodeIgniter.php(824): App\Controllers\Comment->delete_all_comments()
#6 /app/system/CodeIgniter.php(410): CodeIgniter\CodeIgniter->runController(Object(App\Controllers\Comment))
#7 /app/system/CodeIgniter.php(318): CodeIgniter\CodeIgniter->handleRequest(NULL, Object(Config\Cache), false)
#8 /app/public/index.php(37): CodeIgniter\CodeIgniter->run()
#9 {main}
CRITICAL - 2021-12-30 07:36:45 --> Undefined variable $data
#0 /app/app/Controllers/Comment.php(255): CodeIgniter\Debug\Exceptions->errorHandler(2, 'Undefined varia...', '/app/app/Contro...', 255)
#1 /app/system/CodeIgniter.php(824): App\Controllers\Comment->delete_all_comments()
#2 /app/system/CodeIgniter.php(410): CodeIgniter\CodeIgniter->runController(Object(App\Controllers\Comment))
#3 /app/system/CodeIgniter.php(318): CodeIgniter\CodeIgniter->handleRequest(NULL, Object(Config\Cache), false)
#4 /app/public/index.php(37): CodeIgniter\CodeIgniter->run()
#5 {main}
CRITICAL - 2021-12-30 07:36:53 --> Undefined variable $data
#0 /app/app/Controllers/Post.php(370): CodeIgniter\Debug\Exceptions->errorHandler(2, 'Undefined varia...', '/app/app/Contro...', 370)
#1 /app/system/CodeIgniter.php(824): App\Controllers\Post->delete_all_posts()
#2 /app/system/CodeIgniter.php(410): CodeIgniter\CodeIgniter->runController(Object(App\Controllers\Post))
#3 /app/system/CodeIgniter.php(318): CodeIgniter\CodeIgniter->handleRequest(NULL, Object(Config\Cache), false)
#4 /app/public/index.php(37): CodeIgniter\CodeIgniter->run()
#5 {main}
CRITICAL - 2021-12-30 07:36:59 --> Undefined variable $data
#0 /app/app/Controllers/Hashtag.php(103): CodeIgniter\Debug\Exceptions->errorHandler(2, 'Undefined varia...', '/app/app/Contro...', 103)
#1 /app/system/CodeIgniter.php(824): App\Controllers\Hashtag->delete_all_hashtags()
#2 /app/system/CodeIgniter.php(410): CodeIgniter\CodeIgniter->runController(Object(App\Controllers\Hashtag))
#3 /app/system/CodeIgniter.php(318): CodeIgniter\CodeIgniter->handleRequest(NULL, Object(Config\Cache), false)
#4 /app/public/index.php(37): CodeIgniter\CodeIgniter->run()
#5 {main}
