CRITICAL - 2021-12-27 04:38:22 --> Attempt to read property "image" on array
#0 /app/app/Controllers/User.php(194): CodeIgniter\Debug\Exceptions->errorHandler(2, 'Attempt to read...', '/app/app/Contro...', 194)
#1 /app/system/CodeIgniter.php(824): App\Controllers\User->user_update()
#2 /app/system/CodeIgniter.php(410): CodeIgniter\CodeIgniter->runController(Object(App\Controllers\User))
#3 /app/system/CodeIgniter.php(318): CodeIgniter\CodeIgniter->handleRequest(NULL, Object(Config\Cache), false)
#4 /app/public/index.php(37): CodeIgniter\CodeIgniter->run()
#5 {main}
CRITICAL - 2021-12-27 04:40:51 --> Attempt to read property "image" on array
#0 /app/app/Controllers/User.php(195): CodeIgniter\Debug\Exceptions->errorHandler(2, 'Attempt to read...', '/app/app/Contro...', 195)
#1 /app/system/CodeIgniter.php(824): App\Controllers\User->user_update()
#2 /app/system/CodeIgniter.php(410): CodeIgniter\CodeIgniter->runController(Object(App\Controllers\User))
#3 /app/system/CodeIgniter.php(318): CodeIgniter\CodeIgniter->handleRequest(NULL, Object(Config\Cache), false)
#4 /app/public/index.php(37): CodeIgniter\CodeIgniter->run()
#5 {main}
CRITICAL - 2021-12-27 04:41:47 --> Attempt to read property "image" on array
#0 /app/app/Controllers/User.php(195): CodeIgniter\Debug\Exceptions->errorHandler(2, 'Attempt to read...', '/app/app/Contro...', 195)
#1 /app/system/CodeIgniter.php(824): App\Controllers\User->user_update()
#2 /app/system/CodeIgniter.php(410): CodeIgniter\CodeIgniter->runController(Object(App\Controllers\User))
#3 /app/system/CodeIgniter.php(318): CodeIgniter\CodeIgniter->handleRequest(NULL, Object(Config\Cache), false)
#4 /app/public/index.php(37): CodeIgniter\CodeIgniter->run()
#5 {main}
CRITICAL - 2021-12-27 04:42:39 --> Object of class stdClass could not be converted to string
#0 /app/system/CodeIgniter.php(824): App\Controllers\User->user_update()
#1 /app/system/CodeIgniter.php(410): CodeIgniter\CodeIgniter->runController(Object(App\Controllers\User))
#2 /app/system/CodeIgniter.php(318): CodeIgniter\CodeIgniter->handleRequest(NULL, Object(Config\Cache), false)
#3 /app/public/index.php(37): CodeIgniter\CodeIgniter->run()
#4 {main}
CRITICAL - 2021-12-27 04:44:55 --> syntax error, unexpected token "{"
#0 /app/system/Router/Router.php(176): CodeIgniter\Router\Router->autoRoute('user/user_updat...')
#1 /app/system/CodeIgniter.php(718): CodeIgniter\Router\Router->handle('user/user_updat...')
#2 /app/system/CodeIgniter.php(359): CodeIgniter\CodeIgniter->tryToRouteIt(Object(CodeIgniter\Router\RouteCollection))
#3 /app/system/CodeIgniter.php(318): CodeIgniter\CodeIgniter->handleRequest(NULL, Object(Config\Cache), false)
#4 /app/public/index.php(37): CodeIgniter\CodeIgniter->run()
#5 {main}
CRITICAL - 2021-12-27 05:58:42 --> Undefined array key "user_id"
#0 /app/app/Controllers/User.php(179): CodeIgniter\Debug\Exceptions->errorHandler(2, 'Undefined array...', '/app/app/Contro...', 179)
#1 /app/system/CodeIgniter.php(824): App\Controllers\User->user_theme_update()
#2 /app/system/CodeIgniter.php(410): CodeIgniter\CodeIgniter->runController(Object(App\Controllers\User))
#3 /app/system/CodeIgniter.php(318): CodeIgniter\CodeIgniter->handleRequest(NULL, Object(Config\Cache), false)
#4 /app/public/index.php(37): CodeIgniter\CodeIgniter->run()
#5 {main}
CRITICAL - 2021-12-27 06:03:47 --> Undefined array key "user_id"
#0 /app/app/Controllers/User.php(179): CodeIgniter\Debug\Exceptions->errorHandler(2, 'Undefined array...', '/app/app/Contro...', 179)
#1 /app/system/CodeIgniter.php(824): App\Controllers\User->user_theme_update()
#2 /app/system/CodeIgniter.php(410): CodeIgniter\CodeIgniter->runController(Object(App\Controllers\User))
#3 /app/system/CodeIgniter.php(318): CodeIgniter\CodeIgniter->handleRequest(NULL, Object(Config\Cache), false)
#4 /app/public/index.php(37): CodeIgniter\CodeIgniter->run()
#5 {main}
CRITICAL - 2021-12-27 06:04:50 --> Undefined array key "user_id"
#0 /app/app/Controllers/User.php(186): CodeIgniter\Debug\Exceptions->errorHandler(2, 'Undefined array...', '/app/app/Contro...', 186)
#1 /app/system/CodeIgniter.php(824): App\Controllers\User->user_theme_update()
#2 /app/system/CodeIgniter.php(410): CodeIgniter\CodeIgniter->runController(Object(App\Controllers\User))
#3 /app/system/CodeIgniter.php(318): CodeIgniter\CodeIgniter->handleRequest(NULL, Object(Config\Cache), false)
#4 /app/public/index.php(37): CodeIgniter\CodeIgniter->run()
#5 {main}
CRITICAL - 2021-12-27 06:05:15 --> Undefined variable $user_id
#0 /app/app/Controllers/User.php(194): CodeIgniter\Debug\Exceptions->errorHandler(2, 'Undefined varia...', '/app/app/Contro...', 194)
#1 /app/system/CodeIgniter.php(824): App\Controllers\User->user_theme_update()
#2 /app/system/CodeIgniter.php(410): CodeIgniter\CodeIgniter->runController(Object(App\Controllers\User))
#3 /app/system/CodeIgniter.php(318): CodeIgniter\CodeIgniter->handleRequest(NULL, Object(Config\Cache), false)
#4 /app/public/index.php(37): CodeIgniter\CodeIgniter->run()
#5 {main}
CRITICAL - 2021-12-27 06:05:39 --> Call to a member function getResult() on bool
#0 /app/app/Controllers/User.php(194): App\Models\UserModel->user_theme_update('44', 1)
#1 /app/system/CodeIgniter.php(824): App\Controllers\User->user_theme_update()
#2 /app/system/CodeIgniter.php(410): CodeIgniter\CodeIgniter->runController(Object(App\Controllers\User))
#3 /app/system/CodeIgniter.php(318): CodeIgniter\CodeIgniter->handleRequest(NULL, Object(Config\Cache), false)
#4 /app/public/index.php(37): CodeIgniter\CodeIgniter->run()
#5 {main}
CRITICAL - 2021-12-27 06:07:34 --> Undefined constant "App\Controllers\res"
#0 /app/system/CodeIgniter.php(824): App\Controllers\User->user_theme_update()
#1 /app/system/CodeIgniter.php(410): CodeIgniter\CodeIgniter->runController(Object(App\Controllers\User))
#2 /app/system/CodeIgniter.php(318): CodeIgniter\CodeIgniter->handleRequest(NULL, Object(Config\Cache), false)
#3 /app/public/index.php(37): CodeIgniter\CodeIgniter->run()
#4 {main}
CRITICAL - 2021-12-27 06:11:07 --> Undefined property: CodeIgniter\HTTP\Response::$0
#0 /app/app/Controllers/User.php(191): CodeIgniter\Debug\Exceptions->errorHandler(2, 'Undefined prope...', '/app/app/Contro...', 191)
#1 /app/system/CodeIgniter.php(824): App\Controllers\User->user_theme_update()
#2 /app/system/CodeIgniter.php(410): CodeIgniter\CodeIgniter->runController(Object(App\Controllers\User))
#3 /app/system/CodeIgniter.php(318): CodeIgniter\CodeIgniter->handleRequest(NULL, Object(Config\Cache), false)
#4 /app/public/index.php(37): CodeIgniter\CodeIgniter->run()
#5 {main}
CRITICAL - 2021-12-27 06:11:53 --> Call to undefined method CodeIgniter\HTTP\Response::json_encode()
#0 /app/system/CodeIgniter.php(824): App\Controllers\User->user_theme_update()
#1 /app/system/CodeIgniter.php(410): CodeIgniter\CodeIgniter->runController(Object(App\Controllers\User))
#2 /app/system/CodeIgniter.php(318): CodeIgniter\CodeIgniter->handleRequest(NULL, Object(Config\Cache), false)
#3 /app/public/index.php(37): CodeIgniter\CodeIgniter->run()
#4 {main}
