CRITICAL - 2022-01-07 09:24:47 --> Undefined variable $page
#0 /app/app/Controllers/Notification.php(68): CodeIgniter\Debug\Exceptions->errorHandler(2, 'Undefined varia...', '/app/app/Contro...', 68)
#1 /app/system/CodeIgniter.php(824): App\Controllers\Notification->get_user_notifications()
#2 /app/system/CodeIgniter.php(410): CodeIgniter\CodeIgniter->runController(Object(App\Controllers\Notification))
#3 /app/system/CodeIgniter.php(318): CodeIgniter\CodeIgniter->handleRequest(NULL, Object(Config\Cache), false)
#4 /app/public/index.php(37): CodeIgniter\CodeIgniter->run()
#5 {main}
CRITICAL - 2022-01-07 09:25:04 --> Undefined variable $page
#0 /app/app/Controllers/Notification.php(68): CodeIgniter\Debug\Exceptions->errorHandler(2, 'Undefined varia...', '/app/app/Contro...', 68)
#1 /app/system/CodeIgniter.php(824): App\Controllers\Notification->get_user_notifications()
#2 /app/system/CodeIgniter.php(410): CodeIgniter\CodeIgniter->runController(Object(App\Controllers\Notification))
#3 /app/system/CodeIgniter.php(318): CodeIgniter\CodeIgniter->handleRequest(NULL, Object(Config\Cache), false)
#4 /app/public/index.php(37): CodeIgniter\CodeIgniter->run()
#5 {main}
CRITICAL - 2022-01-07 09:25:52 --> Undefined variable $page
#0 /app/app/Controllers/Notification.php(68): CodeIgniter\Debug\Exceptions->errorHandler(2, 'Undefined varia...', '/app/app/Contro...', 68)
#1 /app/system/CodeIgniter.php(824): App\Controllers\Notification->get_user_notifications()
#2 /app/system/CodeIgniter.php(410): CodeIgniter\CodeIgniter->runController(Object(App\Controllers\Notification))
#3 /app/system/CodeIgniter.php(318): CodeIgniter\CodeIgniter->handleRequest(NULL, Object(Config\Cache), false)
#4 /app/public/index.php(37): CodeIgniter\CodeIgniter->run()
#5 {main}
