CRITICAL - 2022-01-15 05:31:54 --> Undefined array key 0
#0 /app/app/Controllers/Hashtag.php(153): CodeIgniter\Debug\Exceptions->errorHandler(2, 'Undefined array...', '/app/app/Contro...', 153)
#1 /app/system/CodeIgniter.php(824): App\Controllers\Hashtag->get_user_main_hashtags()
#2 /app/system/CodeIgniter.php(410): CodeIgniter\CodeIgniter->runController(Object(App\Controllers\Hashtag))
#3 /app/system/CodeIgniter.php(318): CodeIgniter\CodeIgniter->handleRequest(NULL, Object(Config\Cache), false)
#4 /app/public/index.php(37): CodeIgniter\CodeIgniter->run()
#5 {main}
CRITICAL - 2022-01-15 06:39:50 --> Unclosed '[' does not match ')'
#0 /app/system/Router/Router.php(176): CodeIgniter\Router\Router->autoRoute('comment/create_...')
#1 /app/system/CodeIgniter.php(718): CodeIgniter\Router\Router->handle('comment/create_...')
#2 /app/system/CodeIgniter.php(359): CodeIgniter\CodeIgniter->tryToRouteIt(Object(CodeIgniter\Router\RouteCollection))
#3 /app/system/CodeIgniter.php(318): CodeIgniter\CodeIgniter->handleRequest(NULL, Object(Config\Cache), false)
#4 /app/public/index.php(37): CodeIgniter\CodeIgniter->run()
#5 {main}
CRITICAL - 2022-01-15 06:43:40 --> Unclosed '[' does not match ')'
#0 /app/system/Router/Router.php(176): CodeIgniter\Router\Router->autoRoute('comment/create_...')
#1 /app/system/CodeIgniter.php(718): CodeIgniter\Router\Router->handle('comment/create_...')
#2 /app/system/CodeIgniter.php(359): CodeIgniter\CodeIgniter->tryToRouteIt(Object(CodeIgniter\Router\RouteCollection))
#3 /app/system/CodeIgniter.php(318): CodeIgniter\CodeIgniter->handleRequest(NULL, Object(Config\Cache), false)
#4 /app/public/index.php(37): CodeIgniter\CodeIgniter->run()
#5 {main}
CRITICAL - 2022-01-15 06:44:09 --> syntax error, unexpected token ";", expecting ")"
#0 /app/system/Router/Router.php(176): CodeIgniter\Router\Router->autoRoute('comment/create_...')
#1 /app/system/CodeIgniter.php(718): CodeIgniter\Router\Router->handle('comment/create_...')
#2 /app/system/CodeIgniter.php(359): CodeIgniter\CodeIgniter->tryToRouteIt(Object(CodeIgniter\Router\RouteCollection))
#3 /app/system/CodeIgniter.php(318): CodeIgniter\CodeIgniter->handleRequest(NULL, Object(Config\Cache), false)
#4 /app/public/index.php(37): CodeIgniter\CodeIgniter->run()
#5 {main}
ERROR - 2022-01-15 06:44:26 --> Cannot add or update a child row: a foreign key constraint fails (`glimradb`.`image`, CONSTRAINT `fk_image_post1` FOREIGN KEY (`post_id`) REFERENCES `post` (`post_id`) ON DELETE CASCADE ON UPDATE NO ACTION)
CRITICAL - 2022-01-15 06:44:26 --> Cannot add or update a child row: a foreign key constraint fails (`glimradb`.`image`, CONSTRAINT `fk_image_post1` FOREIGN KEY (`post_id`) REFERENCES `post` (`post_id`) ON DELETE CASCADE ON UPDATE NO ACTION)
#0 /app/system/Database/MySQLi/Connection.php(292): mysqli->query('INSERT INTO ima...', 0)
#1 /app/system/Database/BaseConnection.php(670): CodeIgniter\Database\MySQLi\Connection->execute('INSERT INTO ima...')
#2 /app/system/Database/BaseConnection.php(598): CodeIgniter\Database\BaseConnection->simpleQuery('INSERT INTO ima...')
#3 /app/app/Models/ImageModel.php(76): CodeIgniter\Database\BaseConnection->query('INSERT INTO ima...')
#4 /app/app/Controllers/Comment.php(170): App\Models\ImageModel->create_image(Array)
#5 /app/system/CodeIgniter.php(824): App\Controllers\Comment->create_comment()
#6 /app/system/CodeIgniter.php(410): CodeIgniter\CodeIgniter->runController(Object(App\Controllers\Comment))
#7 /app/system/CodeIgniter.php(318): CodeIgniter\CodeIgniter->handleRequest(NULL, Object(Config\Cache), false)
#8 /app/public/index.php(37): CodeIgniter\CodeIgniter->run()
#9 {main}
ERROR - 2022-01-15 06:48:41 --> Cannot add or update a child row: a foreign key constraint fails (`glimradb`.`image`, CONSTRAINT `fk_image_post1` FOREIGN KEY (`post_id`) REFERENCES `post` (`post_id`) ON DELETE CASCADE ON UPDATE CASCADE)
CRITICAL - 2022-01-15 06:48:41 --> Cannot add or update a child row: a foreign key constraint fails (`glimradb`.`image`, CONSTRAINT `fk_image_post1` FOREIGN KEY (`post_id`) REFERENCES `post` (`post_id`) ON DELETE CASCADE ON UPDATE CASCADE)
#0 /app/system/Database/MySQLi/Connection.php(292): mysqli->query('INSERT INTO ima...', 0)
#1 /app/system/Database/BaseConnection.php(670): CodeIgniter\Database\MySQLi\Connection->execute('INSERT INTO ima...')
#2 /app/system/Database/BaseConnection.php(598): CodeIgniter\Database\BaseConnection->simpleQuery('INSERT INTO ima...')
#3 /app/app/Models/ImageModel.php(76): CodeIgniter\Database\BaseConnection->query('INSERT INTO ima...')
#4 /app/app/Controllers/Comment.php(170): App\Models\ImageModel->create_image(Array)
#5 /app/system/CodeIgniter.php(824): App\Controllers\Comment->create_comment()
#6 /app/system/CodeIgniter.php(410): CodeIgniter\CodeIgniter->runController(Object(App\Controllers\Comment))
#7 /app/system/CodeIgniter.php(318): CodeIgniter\CodeIgniter->handleRequest(NULL, Object(Config\Cache), false)
#8 /app/public/index.php(37): CodeIgniter\CodeIgniter->run()
#9 {main}
ERROR - 2022-01-15 06:51:48 --> Cannot add or update a child row: a foreign key constraint fails (`glimradb`.`image`, CONSTRAINT `fk_image_post1` FOREIGN KEY (`post_id`) REFERENCES `post` (`post_id`) ON DELETE CASCADE ON UPDATE NO ACTION)
CRITICAL - 2022-01-15 06:51:48 --> Cannot add or update a child row: a foreign key constraint fails (`glimradb`.`image`, CONSTRAINT `fk_image_post1` FOREIGN KEY (`post_id`) REFERENCES `post` (`post_id`) ON DELETE CASCADE ON UPDATE NO ACTION)
#0 /app/system/Database/MySQLi/Connection.php(292): mysqli->query('INSERT INTO ima...', 0)
#1 /app/system/Database/BaseConnection.php(670): CodeIgniter\Database\MySQLi\Connection->execute('INSERT INTO ima...')
#2 /app/system/Database/BaseConnection.php(598): CodeIgniter\Database\BaseConnection->simpleQuery('INSERT INTO ima...')
#3 /app/app/Models/ImageModel.php(76): CodeIgniter\Database\BaseConnection->query('INSERT INTO ima...')
#4 /app/app/Controllers/Comment.php(170): App\Models\ImageModel->create_image(Array)
#5 /app/system/CodeIgniter.php(824): App\Controllers\Comment->create_comment()
#6 /app/system/CodeIgniter.php(410): CodeIgniter\CodeIgniter->runController(Object(App\Controllers\Comment))
#7 /app/system/CodeIgniter.php(318): CodeIgniter\CodeIgniter->handleRequest(NULL, Object(Config\Cache), false)
#8 /app/public/index.php(37): CodeIgniter\CodeIgniter->run()
#9 {main}
ERROR - 2022-01-15 06:52:02 --> Cannot add or update a child row: a foreign key constraint fails (`glimradb`.`image`, CONSTRAINT `fk_image_post1` FOREIGN KEY (`post_id`) REFERENCES `post` (`post_id`) ON DELETE CASCADE ON UPDATE NO ACTION)
CRITICAL - 2022-01-15 06:52:02 --> Cannot add or update a child row: a foreign key constraint fails (`glimradb`.`image`, CONSTRAINT `fk_image_post1` FOREIGN KEY (`post_id`) REFERENCES `post` (`post_id`) ON DELETE CASCADE ON UPDATE NO ACTION)
#0 /app/system/Database/MySQLi/Connection.php(292): mysqli->query('INSERT INTO ima...', 0)
#1 /app/system/Database/BaseConnection.php(670): CodeIgniter\Database\MySQLi\Connection->execute('INSERT INTO ima...')
#2 /app/system/Database/BaseConnection.php(598): CodeIgniter\Database\BaseConnection->simpleQuery('INSERT INTO ima...')
#3 /app/app/Models/ImageModel.php(76): CodeIgniter\Database\BaseConnection->query('INSERT INTO ima...')
#4 /app/app/Controllers/Comment.php(170): App\Models\ImageModel->create_image(Array)
#5 /app/system/CodeIgniter.php(824): App\Controllers\Comment->create_comment()
#6 /app/system/CodeIgniter.php(410): CodeIgniter\CodeIgniter->runController(Object(App\Controllers\Comment))
#7 /app/system/CodeIgniter.php(318): CodeIgniter\CodeIgniter->handleRequest(NULL, Object(Config\Cache), false)
#8 /app/public/index.php(37): CodeIgniter\CodeIgniter->run()
#9 {main}
ERROR - 2022-01-15 06:54:22 --> Cannot add or update a child row: a foreign key constraint fails (`glimradb`.`image`, CONSTRAINT `fk_image_post1` FOREIGN KEY (`post_id`) REFERENCES `post` (`post_id`) ON DELETE CASCADE ON UPDATE NO ACTION)
CRITICAL - 2022-01-15 06:54:22 --> Cannot add or update a child row: a foreign key constraint fails (`glimradb`.`image`, CONSTRAINT `fk_image_post1` FOREIGN KEY (`post_id`) REFERENCES `post` (`post_id`) ON DELETE CASCADE ON UPDATE NO ACTION)
#0 /app/system/Database/MySQLi/Connection.php(292): mysqli->query('INSERT INTO ima...', 0)
#1 /app/system/Database/BaseConnection.php(670): CodeIgniter\Database\MySQLi\Connection->execute('INSERT INTO ima...')
#2 /app/system/Database/BaseConnection.php(598): CodeIgniter\Database\BaseConnection->simpleQuery('INSERT INTO ima...')
#3 /app/app/Models/ImageModel.php(76): CodeIgniter\Database\BaseConnection->query('INSERT INTO ima...')
#4 /app/app/Controllers/Comment.php(171): App\Models\ImageModel->create_image(Array)
#5 /app/system/CodeIgniter.php(824): App\Controllers\Comment->create_comment()
#6 /app/system/CodeIgniter.php(410): CodeIgniter\CodeIgniter->runController(Object(App\Controllers\Comment))
#7 /app/system/CodeIgniter.php(318): CodeIgniter\CodeIgniter->handleRequest(NULL, Object(Config\Cache), false)
#8 /app/public/index.php(37): CodeIgniter\CodeIgniter->run()
#9 {main}
CRITICAL - 2022-01-15 06:59:57 --> Undefined array key "images"
#0 /app/app/Controllers/Post.php(321): CodeIgniter\Debug\Exceptions->errorHandler(2, 'Undefined array...', '/app/app/Contro...', 321)
#1 /app/system/CodeIgniter.php(824): App\Controllers\Post->create_post()
#2 /app/system/CodeIgniter.php(410): CodeIgniter\CodeIgniter->runController(Object(App\Controllers\Post))
#3 /app/system/CodeIgniter.php(318): CodeIgniter\CodeIgniter->handleRequest(NULL, Object(Config\Cache), false)
#4 /app/public/index.php(37): CodeIgniter\CodeIgniter->run()
#5 {main}
CRITICAL - 2022-01-15 07:00:34 --> Undefined array key "images"
#0 /app/app/Controllers/Post.php(321): CodeIgniter\Debug\Exceptions->errorHandler(2, 'Undefined array...', '/app/app/Contro...', 321)
#1 /app/system/CodeIgniter.php(824): App\Controllers\Post->create_post()
#2 /app/system/CodeIgniter.php(410): CodeIgniter\CodeIgniter->runController(Object(App\Controllers\Post))
#3 /app/system/CodeIgniter.php(318): CodeIgniter\CodeIgniter->handleRequest(NULL, Object(Config\Cache), false)
#4 /app/public/index.php(37): CodeIgniter\CodeIgniter->run()
#5 {main}
CRITICAL - 2022-01-15 07:04:52 --> Undefined array key "images"
#0 /app/app/Controllers/Post.php(321): CodeIgniter\Debug\Exceptions->errorHandler(2, 'Undefined array...', '/app/app/Contro...', 321)
#1 /app/system/CodeIgniter.php(824): App\Controllers\Post->create_post()
#2 /app/system/CodeIgniter.php(410): CodeIgniter\CodeIgniter->runController(Object(App\Controllers\Post))
#3 /app/system/CodeIgniter.php(318): CodeIgniter\CodeIgniter->handleRequest(NULL, Object(Config\Cache), false)
#4 /app/public/index.php(37): CodeIgniter\CodeIgniter->run()
#5 {main}
CRITICAL - 2022-01-15 07:05:05 --> Undefined array key "images"
#0 /app/app/Controllers/Post.php(321): CodeIgniter\Debug\Exceptions->errorHandler(2, 'Undefined array...', '/app/app/Contro...', 321)
#1 /app/system/CodeIgniter.php(824): App\Controllers\Post->create_post()
#2 /app/system/CodeIgniter.php(410): CodeIgniter\CodeIgniter->runController(Object(App\Controllers\Post))
#3 /app/system/CodeIgniter.php(318): CodeIgniter\CodeIgniter->handleRequest(NULL, Object(Config\Cache), false)
#4 /app/public/index.php(37): CodeIgniter\CodeIgniter->run()
#5 {main}
CRITICAL - 2022-01-15 07:05:13 --> Undefined array key "images"
#0 /app/app/Controllers/Post.php(326): CodeIgniter\Debug\Exceptions->errorHandler(2, 'Undefined array...', '/app/app/Contro...', 326)
#1 /app/system/CodeIgniter.php(824): App\Controllers\Post->create_post()
#2 /app/system/CodeIgniter.php(410): CodeIgniter\CodeIgniter->runController(Object(App\Controllers\Post))
#3 /app/system/CodeIgniter.php(318): CodeIgniter\CodeIgniter->handleRequest(NULL, Object(Config\Cache), false)
#4 /app/public/index.php(37): CodeIgniter\CodeIgniter->run()
#5 {main}
ERROR - 2022-01-15 07:13:54 --> Cannot add or update a child row: a foreign key constraint fails (`glimradb`.`image`, CONSTRAINT `fk_image_post1` FOREIGN KEY (`post_id`) REFERENCES `post` (`post_id`) ON DELETE CASCADE ON UPDATE NO ACTION)
CRITICAL - 2022-01-15 07:13:54 --> Cannot add or update a child row: a foreign key constraint fails (`glimradb`.`image`, CONSTRAINT `fk_image_post1` FOREIGN KEY (`post_id`) REFERENCES `post` (`post_id`) ON DELETE CASCADE ON UPDATE NO ACTION)
#0 /app/system/Database/MySQLi/Connection.php(292): mysqli->query('INSERT INTO ima...', 0)
#1 /app/system/Database/BaseConnection.php(670): CodeIgniter\Database\MySQLi\Connection->execute('INSERT INTO ima...')
#2 /app/system/Database/BaseConnection.php(598): CodeIgniter\Database\BaseConnection->simpleQuery('INSERT INTO ima...')
#3 /app/app/Models/ImageModel.php(76): CodeIgniter\Database\BaseConnection->query('INSERT INTO ima...')
#4 /app/app/Controllers/Comment.php(174): App\Models\ImageModel->create_image(Array)
#5 /app/system/CodeIgniter.php(824): App\Controllers\Comment->create_comment()
#6 /app/system/CodeIgniter.php(410): CodeIgniter\CodeIgniter->runController(Object(App\Controllers\Comment))
#7 /app/system/CodeIgniter.php(318): CodeIgniter\CodeIgniter->handleRequest(NULL, Object(Config\Cache), false)
#8 /app/public/index.php(37): CodeIgniter\CodeIgniter->run()
#9 {main}
CRITICAL - 2022-01-15 07:17:05 --> Undefined variable $data
#0 /app/app/Controllers/Image.php(67): CodeIgniter\Debug\Exceptions->errorHandler(2, 'Undefined varia...', '/app/app/Contro...', 67)
#1 /app/system/CodeIgniter.php(824): App\Controllers\Image->delete_all_images()
#2 /app/system/CodeIgniter.php(410): CodeIgniter\CodeIgniter->runController(Object(App\Controllers\Image))
#3 /app/system/CodeIgniter.php(318): CodeIgniter\CodeIgniter->handleRequest(NULL, Object(Config\Cache), false)
#4 /app/public/index.php(37): CodeIgniter\CodeIgniter->run()
#5 {main}
ERROR - 2022-01-15 07:19:35 --> Cannot add or update a child row: a foreign key constraint fails (`glimradb`.`image`, CONSTRAINT `fk_image_post1` FOREIGN KEY (`post_id`) REFERENCES `post` (`post_id`) ON DELETE CASCADE ON UPDATE NO ACTION)
CRITICAL - 2022-01-15 07:19:35 --> Cannot add or update a child row: a foreign key constraint fails (`glimradb`.`image`, CONSTRAINT `fk_image_post1` FOREIGN KEY (`post_id`) REFERENCES `post` (`post_id`) ON DELETE CASCADE ON UPDATE NO ACTION)
#0 /app/system/Database/MySQLi/Connection.php(292): mysqli->query('INSERT INTO ima...', 0)
#1 /app/system/Database/BaseConnection.php(670): CodeIgniter\Database\MySQLi\Connection->execute('INSERT INTO ima...')
#2 /app/system/Database/BaseConnection.php(598): CodeIgniter\Database\BaseConnection->simpleQuery('INSERT INTO ima...')
#3 /app/app/Models/ImageModel.php(76): CodeIgniter\Database\BaseConnection->query('INSERT INTO ima...')
#4 /app/app/Controllers/Comment.php(174): App\Models\ImageModel->create_image(Array)
#5 /app/system/CodeIgniter.php(824): App\Controllers\Comment->create_comment()
#6 /app/system/CodeIgniter.php(410): CodeIgniter\CodeIgniter->runController(Object(App\Controllers\Comment))
#7 /app/system/CodeIgniter.php(318): CodeIgniter\CodeIgniter->handleRequest(NULL, Object(Config\Cache), false)
#8 /app/public/index.php(37): CodeIgniter\CodeIgniter->run()
#9 {main}
CRITICAL - 2022-01-15 07:19:52 --> Undefined variable $data
#0 /app/app/Controllers/Comment.php(319): CodeIgniter\Debug\Exceptions->errorHandler(2, 'Undefined varia...', '/app/app/Contro...', 319)
#1 /app/system/CodeIgniter.php(824): App\Controllers\Comment->delete_all_comments()
#2 /app/system/CodeIgniter.php(410): CodeIgniter\CodeIgniter->runController(Object(App\Controllers\Comment))
#3 /app/system/CodeIgniter.php(318): CodeIgniter\CodeIgniter->handleRequest(NULL, Object(Config\Cache), false)
#4 /app/public/index.php(37): CodeIgniter\CodeIgniter->run()
#5 {main}
ERROR - 2022-01-15 07:20:14 --> Cannot add or update a child row: a foreign key constraint fails (`glimradb`.`image`, CONSTRAINT `fk_image_post1` FOREIGN KEY (`post_id`) REFERENCES `post` (`post_id`) ON DELETE CASCADE ON UPDATE NO ACTION)
CRITICAL - 2022-01-15 07:20:14 --> Cannot add or update a child row: a foreign key constraint fails (`glimradb`.`image`, CONSTRAINT `fk_image_post1` FOREIGN KEY (`post_id`) REFERENCES `post` (`post_id`) ON DELETE CASCADE ON UPDATE NO ACTION)
#0 /app/system/Database/MySQLi/Connection.php(292): mysqli->query('INSERT INTO ima...', 0)
#1 /app/system/Database/BaseConnection.php(670): CodeIgniter\Database\MySQLi\Connection->execute('INSERT INTO ima...')
#2 /app/system/Database/BaseConnection.php(598): CodeIgniter\Database\BaseConnection->simpleQuery('INSERT INTO ima...')
#3 /app/app/Models/ImageModel.php(76): CodeIgniter\Database\BaseConnection->query('INSERT INTO ima...')
#4 /app/app/Controllers/Comment.php(174): App\Models\ImageModel->create_image(Array)
#5 /app/system/CodeIgniter.php(824): App\Controllers\Comment->create_comment()
#6 /app/system/CodeIgniter.php(410): CodeIgniter\CodeIgniter->runController(Object(App\Controllers\Comment))
#7 /app/system/CodeIgniter.php(318): CodeIgniter\CodeIgniter->handleRequest(NULL, Object(Config\Cache), false)
#8 /app/public/index.php(37): CodeIgniter\CodeIgniter->run()
#9 {main}
CRITICAL - 2022-01-15 07:27:40 --> Cannot use object of type stdClass as array
#0 /app/app/Controllers/Image.php(45): App\Models\ImageModel->create_image(Object(stdClass))
#1 /app/system/CodeIgniter.php(824): App\Controllers\Image->create_image()
#2 /app/system/CodeIgniter.php(410): CodeIgniter\CodeIgniter->runController(Object(App\Controllers\Image))
#3 /app/system/CodeIgniter.php(318): CodeIgniter\CodeIgniter->handleRequest(NULL, Object(Config\Cache), false)
#4 /app/public/index.php(37): CodeIgniter\CodeIgniter->run()
#5 {main}
CRITICAL - 2022-01-15 07:28:15 --> Cannot use object of type stdClass as array
#0 /app/app/Controllers/Image.php(47): App\Models\ImageModel->create_image(Object(stdClass))
#1 /app/system/CodeIgniter.php(824): App\Controllers\Image->create_image()
#2 /app/system/CodeIgniter.php(410): CodeIgniter\CodeIgniter->runController(Object(App\Controllers\Image))
#3 /app/system/CodeIgniter.php(318): CodeIgniter\CodeIgniter->handleRequest(NULL, Object(Config\Cache), false)
#4 /app/public/index.php(37): CodeIgniter\CodeIgniter->run()
#5 {main}
ERROR - 2022-01-15 07:29:22 --> Cannot add or update a child row: a foreign key constraint fails (`glimradb`.`image`, CONSTRAINT `fk_image_post1` FOREIGN KEY (`post_id`) REFERENCES `post` (`post_id`) ON DELETE CASCADE ON UPDATE NO ACTION)
CRITICAL - 2022-01-15 07:29:22 --> Cannot add or update a child row: a foreign key constraint fails (`glimradb`.`image`, CONSTRAINT `fk_image_post1` FOREIGN KEY (`post_id`) REFERENCES `post` (`post_id`) ON DELETE CASCADE ON UPDATE NO ACTION)
#0 /app/system/Database/MySQLi/Connection.php(292): mysqli->query('INSERT INTO ima...', 0)
#1 /app/system/Database/BaseConnection.php(670): CodeIgniter\Database\MySQLi\Connection->execute('INSERT INTO ima...')
#2 /app/system/Database/BaseConnection.php(598): CodeIgniter\Database\BaseConnection->simpleQuery('INSERT INTO ima...')
#3 /app/app/Models/ImageModel.php(77): CodeIgniter\Database\BaseConnection->query('INSERT INTO ima...')
#4 /app/app/Controllers/Image.php(47): App\Models\ImageModel->create_image(Object(stdClass))
#5 /app/system/CodeIgniter.php(824): App\Controllers\Image->create_image()
#6 /app/system/CodeIgniter.php(410): CodeIgniter\CodeIgniter->runController(Object(App\Controllers\Image))
#7 /app/system/CodeIgniter.php(318): CodeIgniter\CodeIgniter->handleRequest(NULL, Object(Config\Cache), false)
#8 /app/public/index.php(37): CodeIgniter\CodeIgniter->run()
#9 {main}
ERROR - 2022-01-15 07:33:21 --> Cannot add or update a child row: a foreign key constraint fails (`glimradb`.`image`, CONSTRAINT `fk_image_post1` FOREIGN KEY (`post_id`) REFERENCES `post` (`post_id`) ON DELETE CASCADE ON UPDATE CASCADE)
CRITICAL - 2022-01-15 07:33:21 --> Cannot add or update a child row: a foreign key constraint fails (`glimradb`.`image`, CONSTRAINT `fk_image_post1` FOREIGN KEY (`post_id`) REFERENCES `post` (`post_id`) ON DELETE CASCADE ON UPDATE CASCADE)
#0 /app/system/Database/MySQLi/Connection.php(292): mysqli->query('INSERT INTO ima...', 0)
#1 /app/system/Database/BaseConnection.php(670): CodeIgniter\Database\MySQLi\Connection->execute('INSERT INTO ima...')
#2 /app/system/Database/BaseConnection.php(598): CodeIgniter\Database\BaseConnection->simpleQuery('INSERT INTO ima...')
#3 /app/app/Models/ImageModel.php(77): CodeIgniter\Database\BaseConnection->query('INSERT INTO ima...')
#4 /app/app/Controllers/Image.php(47): App\Models\ImageModel->create_image(Object(stdClass))
#5 /app/system/CodeIgniter.php(824): App\Controllers\Image->create_image()
#6 /app/system/CodeIgniter.php(410): CodeIgniter\CodeIgniter->runController(Object(App\Controllers\Image))
#7 /app/system/CodeIgniter.php(318): CodeIgniter\CodeIgniter->handleRequest(NULL, Object(Config\Cache), false)
#8 /app/public/index.php(37): CodeIgniter\CodeIgniter->run()
#9 {main}
ERROR - 2022-01-15 07:37:44 --> Cannot add or update a child row: a foreign key constraint fails (`glimradb`.`image`, CONSTRAINT `fk_image_post1` FOREIGN KEY (`post_id`) REFERENCES `post` (`post_id`) ON DELETE CASCADE ON UPDATE CASCADE)
CRITICAL - 2022-01-15 07:37:44 --> Cannot add or update a child row: a foreign key constraint fails (`glimradb`.`image`, CONSTRAINT `fk_image_post1` FOREIGN KEY (`post_id`) REFERENCES `post` (`post_id`) ON DELETE CASCADE ON UPDATE CASCADE)
#0 /app/system/Database/MySQLi/Connection.php(292): mysqli->query('INSERT INTO ima...', 0)
#1 /app/system/Database/BaseConnection.php(670): CodeIgniter\Database\MySQLi\Connection->execute('INSERT INTO ima...')
#2 /app/system/Database/BaseConnection.php(598): CodeIgniter\Database\BaseConnection->simpleQuery('INSERT INTO ima...')
#3 /app/app/Models/ImageModel.php(77): CodeIgniter\Database\BaseConnection->query('INSERT INTO ima...')
#4 /app/app/Controllers/Image.php(47): App\Models\ImageModel->create_image(Object(stdClass))
#5 /app/system/CodeIgniter.php(824): App\Controllers\Image->create_image()
#6 /app/system/CodeIgniter.php(410): CodeIgniter\CodeIgniter->runController(Object(App\Controllers\Image))
#7 /app/system/CodeIgniter.php(318): CodeIgniter\CodeIgniter->handleRequest(NULL, Object(Config\Cache), false)
#8 /app/public/index.php(37): CodeIgniter\CodeIgniter->run()
#9 {main}
ERROR - 2022-01-15 07:38:27 --> Cannot add or update a child row: a foreign key constraint fails (`glimradb`.`image`, CONSTRAINT `fk_image_post1` FOREIGN KEY (`post_id`) REFERENCES `post` (`post_id`) ON DELETE NO ACTION ON UPDATE NO ACTION)
CRITICAL - 2022-01-15 07:38:27 --> Cannot add or update a child row: a foreign key constraint fails (`glimradb`.`image`, CONSTRAINT `fk_image_post1` FOREIGN KEY (`post_id`) REFERENCES `post` (`post_id`) ON DELETE NO ACTION ON UPDATE NO ACTION)
#0 /app/system/Database/MySQLi/Connection.php(292): mysqli->query('INSERT INTO ima...', 0)
#1 /app/system/Database/BaseConnection.php(670): CodeIgniter\Database\MySQLi\Connection->execute('INSERT INTO ima...')
#2 /app/system/Database/BaseConnection.php(598): CodeIgniter\Database\BaseConnection->simpleQuery('INSERT INTO ima...')
#3 /app/app/Models/ImageModel.php(77): CodeIgniter\Database\BaseConnection->query('INSERT INTO ima...')
#4 /app/app/Controllers/Image.php(47): App\Models\ImageModel->create_image(Object(stdClass))
#5 /app/system/CodeIgniter.php(824): App\Controllers\Image->create_image()
#6 /app/system/CodeIgniter.php(410): CodeIgniter\CodeIgniter->runController(Object(App\Controllers\Image))
#7 /app/system/CodeIgniter.php(318): CodeIgniter\CodeIgniter->handleRequest(NULL, Object(Config\Cache), false)
#8 /app/public/index.php(37): CodeIgniter\CodeIgniter->run()
#9 {main}
CRITICAL - 2022-01-15 07:39:09 --> Undefined variable $data
#0 /app/app/Controllers/Image.php(69): CodeIgniter\Debug\Exceptions->errorHandler(2, 'Undefined varia...', '/app/app/Contro...', 69)
#1 /app/system/CodeIgniter.php(824): App\Controllers\Image->delete_all_images()
#2 /app/system/CodeIgniter.php(410): CodeIgniter\CodeIgniter->runController(Object(App\Controllers\Image))
#3 /app/system/CodeIgniter.php(318): CodeIgniter\CodeIgniter->handleRequest(NULL, Object(Config\Cache), false)
#4 /app/public/index.php(37): CodeIgniter\CodeIgniter->run()
#5 {main}
CRITICAL - 2022-01-15 07:39:16 --> Undefined variable $data
#0 /app/app/Controllers/Comment.php(319): CodeIgniter\Debug\Exceptions->errorHandler(2, 'Undefined varia...', '/app/app/Contro...', 319)
#1 /app/system/CodeIgniter.php(824): App\Controllers\Comment->delete_all_comments()
#2 /app/system/CodeIgniter.php(410): CodeIgniter\CodeIgniter->runController(Object(App\Controllers\Comment))
#3 /app/system/CodeIgniter.php(318): CodeIgniter\CodeIgniter->handleRequest(NULL, Object(Config\Cache), false)
#4 /app/public/index.php(37): CodeIgniter\CodeIgniter->run()
#5 {main}
CRITICAL - 2022-01-15 07:39:22 --> Undefined variable $data
#0 /app/app/Controllers/Post.php(439): CodeIgniter\Debug\Exceptions->errorHandler(2, 'Undefined varia...', '/app/app/Contro...', 439)
#1 /app/system/CodeIgniter.php(824): App\Controllers\Post->delete_all_posts()
#2 /app/system/CodeIgniter.php(410): CodeIgniter\CodeIgniter->runController(Object(App\Controllers\Post))
#3 /app/system/CodeIgniter.php(318): CodeIgniter\CodeIgniter->handleRequest(NULL, Object(Config\Cache), false)
#4 /app/public/index.php(37): CodeIgniter\CodeIgniter->run()
#5 {main}
ERROR - 2022-01-15 07:44:46 --> Cannot add or update a child row: a foreign key constraint fails (`glimradb`.`image`, CONSTRAINT `fk_image_post1` FOREIGN KEY (`post_id`) REFERENCES `post` (`post_id`) ON DELETE NO ACTION ON UPDATE NO ACTION)
CRITICAL - 2022-01-15 07:44:46 --> Cannot add or update a child row: a foreign key constraint fails (`glimradb`.`image`, CONSTRAINT `fk_image_post1` FOREIGN KEY (`post_id`) REFERENCES `post` (`post_id`) ON DELETE NO ACTION ON UPDATE NO ACTION)
#0 /app/system/Database/MySQLi/Connection.php(292): mysqli->query('INSERT INTO ima...', 0)
#1 /app/system/Database/BaseConnection.php(670): CodeIgniter\Database\MySQLi\Connection->execute('INSERT INTO ima...')
#2 /app/system/Database/BaseConnection.php(598): CodeIgniter\Database\BaseConnection->simpleQuery('INSERT INTO ima...')
#3 /app/app/Models/ImageModel.php(76): CodeIgniter\Database\BaseConnection->query('INSERT INTO ima...')
#4 /app/app/Controllers/Comment.php(174): App\Models\ImageModel->create_image(Array)
#5 /app/system/CodeIgniter.php(824): App\Controllers\Comment->create_comment()
#6 /app/system/CodeIgniter.php(410): CodeIgniter\CodeIgniter->runController(Object(App\Controllers\Comment))
#7 /app/system/CodeIgniter.php(318): CodeIgniter\CodeIgniter->handleRequest(NULL, Object(Config\Cache), false)
#8 /app/public/index.php(37): CodeIgniter\CodeIgniter->run()
#9 {main}
CRITICAL - 2022-01-15 07:44:48 --> Undefined variable $res
#0 /app/app/Controllers/Notification.php(146): CodeIgniter\Debug\Exceptions->errorHandler(2, 'Undefined varia...', '/app/app/Contro...', 146)
#1 /app/system/CodeIgniter.php(824): App\Controllers\Notification->create_notification()
#2 /app/system/CodeIgniter.php(410): CodeIgniter\CodeIgniter->runController(Object(App\Controllers\Notification))
#3 /app/system/CodeIgniter.php(318): CodeIgniter\CodeIgniter->handleRequest(NULL, Object(Config\Cache), false)
#4 /app/public/index.php(37): CodeIgniter\CodeIgniter->run()
#5 {main}
CRITICAL - 2022-01-15 08:03:09 --> Attempt to assign property "images" on array
#0 /app/system/CodeIgniter.php(824): App\Controllers\Comment->create_comment()
#1 /app/system/CodeIgniter.php(410): CodeIgniter\CodeIgniter->runController(Object(App\Controllers\Comment))
#2 /app/system/CodeIgniter.php(318): CodeIgniter\CodeIgniter->handleRequest(NULL, Object(Config\Cache), false)
#3 /app/public/index.php(37): CodeIgniter\CodeIgniter->run()
#4 {main}
CRITICAL - 2022-01-15 08:05:42 --> Undefined variable $commentId
#0 /app/app/Controllers/Comment.php(211): CodeIgniter\Debug\Exceptions->errorHandler(2, 'Undefined varia...', '/app/app/Contro...', 211)
#1 /app/system/CodeIgniter.php(824): App\Controllers\Comment->create_comment()
#2 /app/system/CodeIgniter.php(410): CodeIgniter\CodeIgniter->runController(Object(App\Controllers\Comment))
#3 /app/system/CodeIgniter.php(318): CodeIgniter\CodeIgniter->handleRequest(NULL, Object(Config\Cache), false)
#4 /app/public/index.php(37): CodeIgniter\CodeIgniter->run()
#5 {main}
CRITICAL - 2022-01-15 08:05:44 --> Undefined variable $res
#0 /app/app/Controllers/Notification.php(146): CodeIgniter\Debug\Exceptions->errorHandler(2, 'Undefined varia...', '/app/app/Contro...', 146)
#1 /app/system/CodeIgniter.php(824): App\Controllers\Notification->create_notification()
#2 /app/system/CodeIgniter.php(410): CodeIgniter\CodeIgniter->runController(Object(App\Controllers\Notification))
#3 /app/system/CodeIgniter.php(318): CodeIgniter\CodeIgniter->handleRequest(NULL, Object(Config\Cache), false)
#4 /app/public/index.php(37): CodeIgniter\CodeIgniter->run()
#5 {main}
CRITICAL - 2022-01-15 08:27:13 --> Undefined variable $commentId
#0 /app/app/Controllers/Comment.php(199): CodeIgniter\Debug\Exceptions->errorHandler(2, 'Undefined varia...', '/app/app/Contro...', 199)
#1 /app/system/CodeIgniter.php(824): App\Controllers\Comment->create_comment()
#2 /app/system/CodeIgniter.php(410): CodeIgniter\CodeIgniter->runController(Object(App\Controllers\Comment))
#3 /app/system/CodeIgniter.php(318): CodeIgniter\CodeIgniter->handleRequest(NULL, Object(Config\Cache), false)
#4 /app/public/index.php(37): CodeIgniter\CodeIgniter->run()
#5 {main}
CRITICAL - 2022-01-15 08:33:59 --> Undefined variable $image_model
#0 /app/app/Controllers/Post.php(232): CodeIgniter\Debug\Exceptions->errorHandler(2, 'Undefined varia...', '/app/app/Contro...', 232)
#1 /app/system/CodeIgniter.php(824): App\Controllers\Post->get_post_data_and_delete_noti()
#2 /app/system/CodeIgniter.php(410): CodeIgniter\CodeIgniter->runController(Object(App\Controllers\Post))
#3 /app/system/CodeIgniter.php(318): CodeIgniter\CodeIgniter->handleRequest(NULL, Object(Config\Cache), false)
#4 /app/public/index.php(37): CodeIgniter\CodeIgniter->run()
#5 {main}
CRITICAL - 2022-01-15 08:35:34 --> Undefined variable $image_model
#0 /app/app/Controllers/Post.php(232): CodeIgniter\Debug\Exceptions->errorHandler(2, 'Undefined varia...', '/app/app/Contro...', 232)
#1 /app/system/CodeIgniter.php(824): App\Controllers\Post->get_post_data_and_delete_noti()
#2 /app/system/CodeIgniter.php(410): CodeIgniter\CodeIgniter->runController(Object(App\Controllers\Post))
#3 /app/system/CodeIgniter.php(318): CodeIgniter\CodeIgniter->handleRequest(NULL, Object(Config\Cache), false)
#4 /app/public/index.php(37): CodeIgniter\CodeIgniter->run()
#5 {main}
CRITICAL - 2022-01-15 08:44:25 --> Undefined variable $image_model
#0 /app/app/Controllers/Post.php(168): CodeIgniter\Debug\Exceptions->errorHandler(2, 'Undefined varia...', '/app/app/Contro...', 168)
#1 /app/system/CodeIgniter.php(824): App\Controllers\Post->get_certain_posts_data()
#2 /app/system/CodeIgniter.php(410): CodeIgniter\CodeIgniter->runController(Object(App\Controllers\Post))
#3 /app/system/CodeIgniter.php(318): CodeIgniter\CodeIgniter->handleRequest(NULL, Object(Config\Cache), false)
#4 /app/public/index.php(37): CodeIgniter\CodeIgniter->run()
#5 {main}
CRITICAL - 2022-01-15 08:48:05 --> Undefined variable $image_model
#0 /app/app/Controllers/Post.php(168): CodeIgniter\Debug\Exceptions->errorHandler(2, 'Undefined varia...', '/app/app/Contro...', 168)
#1 /app/system/CodeIgniter.php(824): App\Controllers\Post->get_certain_posts_data()
#2 /app/system/CodeIgniter.php(410): CodeIgniter\CodeIgniter->runController(Object(App\Controllers\Post))
#3 /app/system/CodeIgniter.php(318): CodeIgniter\CodeIgniter->handleRequest(NULL, Object(Config\Cache), false)
#4 /app/public/index.php(37): CodeIgniter\CodeIgniter->run()
#5 {main}
ERROR - 2022-01-15 08:52:02 --> Cannot add or update a child row: a foreign key constraint fails (`glimradb`.`image`, CONSTRAINT `fk_image_post1` FOREIGN KEY (`post_id`) REFERENCES `post` (`post_id`) ON DELETE NO ACTION ON UPDATE NO ACTION)
CRITICAL - 2022-01-15 08:52:02 --> Cannot add or update a child row: a foreign key constraint fails (`glimradb`.`image`, CONSTRAINT `fk_image_post1` FOREIGN KEY (`post_id`) REFERENCES `post` (`post_id`) ON DELETE NO ACTION ON UPDATE NO ACTION)
#0 /app/system/Database/MySQLi/Connection.php(292): mysqli->query('INSERT INTO ima...', 0)
#1 /app/system/Database/BaseConnection.php(670): CodeIgniter\Database\MySQLi\Connection->execute('INSERT INTO ima...')
#2 /app/system/Database/BaseConnection.php(598): CodeIgniter\Database\BaseConnection->simpleQuery('INSERT INTO ima...')
#3 /app/app/Models/ImageModel.php(76): CodeIgniter\Database\BaseConnection->query('INSERT INTO ima...')
#4 /app/app/Controllers/Comment.php(174): App\Models\ImageModel->create_image(Array)
#5 /app/system/CodeIgniter.php(824): App\Controllers\Comment->create_comment()
#6 /app/system/CodeIgniter.php(410): CodeIgniter\CodeIgniter->runController(Object(App\Controllers\Comment))
#7 /app/system/CodeIgniter.php(318): CodeIgniter\CodeIgniter->handleRequest(NULL, Object(Config\Cache), false)
#8 /app/public/index.php(37): CodeIgniter\CodeIgniter->run()
#9 {main}
CRITICAL - 2022-01-15 08:52:05 --> Undefined variable $res
#0 /app/app/Controllers/Notification.php(146): CodeIgniter\Debug\Exceptions->errorHandler(2, 'Undefined varia...', '/app/app/Contro...', 146)
#1 /app/system/CodeIgniter.php(824): App\Controllers\Notification->create_notification()
#2 /app/system/CodeIgniter.php(410): CodeIgniter\CodeIgniter->runController(Object(App\Controllers\Notification))
#3 /app/system/CodeIgniter.php(318): CodeIgniter\CodeIgniter->handleRequest(NULL, Object(Config\Cache), false)
#4 /app/public/index.php(37): CodeIgniter\CodeIgniter->run()
#5 {main}
CRITICAL - 2022-01-15 08:56:41 --> Cannot use object of type stdClass as array
#0 /app/app/Controllers/Image.php(47): App\Models\ImageModel->create_image(Object(stdClass))
#1 /app/system/CodeIgniter.php(824): App\Controllers\Image->create_image()
#2 /app/system/CodeIgniter.php(410): CodeIgniter\CodeIgniter->runController(Object(App\Controllers\Image))
#3 /app/system/CodeIgniter.php(318): CodeIgniter\CodeIgniter->handleRequest(NULL, Object(Config\Cache), false)
#4 /app/public/index.php(37): CodeIgniter\CodeIgniter->run()
#5 {main}
ERROR - 2022-01-15 08:58:19 --> Cannot add or update a child row: a foreign key constraint fails (`glimradb`.`image`, CONSTRAINT `fk_image_post1` FOREIGN KEY (`post_id`) REFERENCES `post` (`post_id`) ON DELETE CASCADE ON UPDATE CASCADE)
CRITICAL - 2022-01-15 08:58:19 --> Cannot add or update a child row: a foreign key constraint fails (`glimradb`.`image`, CONSTRAINT `fk_image_post1` FOREIGN KEY (`post_id`) REFERENCES `post` (`post_id`) ON DELETE CASCADE ON UPDATE CASCADE)
#0 /app/system/Database/MySQLi/Connection.php(292): mysqli->query('INSERT INTO ima...', 0)
#1 /app/system/Database/BaseConnection.php(670): CodeIgniter\Database\MySQLi\Connection->execute('INSERT INTO ima...')
#2 /app/system/Database/BaseConnection.php(598): CodeIgniter\Database\BaseConnection->simpleQuery('INSERT INTO ima...')
#3 /app/app/Models/ImageModel.php(77): CodeIgniter\Database\BaseConnection->query('INSERT INTO ima...')
#4 /app/app/Controllers/Image.php(47): App\Models\ImageModel->create_image(Object(stdClass))
#5 /app/system/CodeIgniter.php(824): App\Controllers\Image->create_image()
#6 /app/system/CodeIgniter.php(410): CodeIgniter\CodeIgniter->runController(Object(App\Controllers\Image))
#7 /app/system/CodeIgniter.php(318): CodeIgniter\CodeIgniter->handleRequest(NULL, Object(Config\Cache), false)
#8 /app/public/index.php(37): CodeIgniter\CodeIgniter->run()
#9 {main}
CRITICAL - 2022-01-15 09:04:49 --> Undefined variable $res
#0 /app/app/Controllers/Notification.php(146): CodeIgniter\Debug\Exceptions->errorHandler(2, 'Undefined varia...', '/app/app/Contro...', 146)
#1 /app/system/CodeIgniter.php(824): App\Controllers\Notification->create_notification()
#2 /app/system/CodeIgniter.php(410): CodeIgniter\CodeIgniter->runController(Object(App\Controllers\Notification))
#3 /app/system/CodeIgniter.php(318): CodeIgniter\CodeIgniter->handleRequest(NULL, Object(Config\Cache), false)
#4 /app/public/index.php(37): CodeIgniter\CodeIgniter->run()
#5 {main}
CRITICAL - 2022-01-15 09:15:22 --> Undefined variable $res
#0 /app/app/Controllers/Notification.php(146): CodeIgniter\Debug\Exceptions->errorHandler(2, 'Undefined varia...', '/app/app/Contro...', 146)
#1 /app/system/CodeIgniter.php(824): App\Controllers\Notification->create_notification()
#2 /app/system/CodeIgniter.php(410): CodeIgniter\CodeIgniter->runController(Object(App\Controllers\Notification))
#3 /app/system/CodeIgniter.php(318): CodeIgniter\CodeIgniter->handleRequest(NULL, Object(Config\Cache), false)
#4 /app/public/index.php(37): CodeIgniter\CodeIgniter->run()
#5 {main}
