CRITICAL - 2022-01-06 07:17:14 --> Undefined array key "course"
#0 /app/app/Controllers/User.php(262): CodeIgniter\Debug\Exceptions->errorHandler(2, 'Undefined array...', '/app/app/Contro...', 262)
#1 /app/system/CodeIgniter.php(824): App\Controllers\User->create_user()
#2 /app/system/CodeIgniter.php(410): CodeIgniter\CodeIgniter->runController(Object(App\Controllers\User))
#3 /app/system/CodeIgniter.php(318): CodeIgniter\CodeIgniter->handleRequest(NULL, Object(Config\Cache), false)
#4 /app/public/index.php(37): CodeIgniter\CodeIgniter->run()
#5 {main}
ERROR - 2022-01-06 07:17:16 --> Unknown column 'undefined' in 'where clause'
CRITICAL - 2022-01-06 07:17:16 --> Unknown column 'undefined' in 'where clause'
#0 /app/system/Database/MySQLi/Connection.php(292): mysqli->query('SELECT notifica...', 0)
#1 /app/system/Database/BaseConnection.php(670): CodeIgniter\Database\MySQLi\Connection->execute('SELECT notifica...')
#2 /app/system/Database/BaseConnection.php(598): CodeIgniter\Database\BaseConnection->simpleQuery('SELECT notifica...')
#3 /app/app/Models/NotificationModel.php(59): CodeIgniter\Database\BaseConnection->query('SELECT notifica...')
#4 /app/app/Controllers/Notification.php(53): App\Models\NotificationModel->get_user_notifications('undefined')
#5 /app/system/CodeIgniter.php(824): App\Controllers\Notification->get_user_notifications()
#6 /app/system/CodeIgniter.php(410): CodeIgniter\CodeIgniter->runController(Object(App\Controllers\Notification))
#7 /app/system/CodeIgniter.php(318): CodeIgniter\CodeIgniter->handleRequest(NULL, Object(Config\Cache), false)
#8 /app/public/index.php(37): CodeIgniter\CodeIgniter->run()
#9 {main}
CRITICAL - 2022-01-06 08:40:59 --> Undefined constant "App\Controllers\type"
#0 /app/system/CodeIgniter.php(824): App\Controllers\Hashtag->get_user_main_hashtags()
#1 /app/system/CodeIgniter.php(410): CodeIgniter\CodeIgniter->runController(Object(App\Controllers\Hashtag))
#2 /app/system/CodeIgniter.php(318): CodeIgniter\CodeIgniter->handleRequest(NULL, Object(Config\Cache), false)
#3 /app/public/index.php(37): CodeIgniter\CodeIgniter->run()
#4 {main}
CRITICAL - 2022-01-06 08:41:32 --> Undefined constant "App\Controllers\type"
#0 /app/system/CodeIgniter.php(824): App\Controllers\Hashtag->get_user_main_hashtags()
#1 /app/system/CodeIgniter.php(410): CodeIgniter\CodeIgniter->runController(Object(App\Controllers\Hashtag))
#2 /app/system/CodeIgniter.php(318): CodeIgniter\CodeIgniter->handleRequest(NULL, Object(Config\Cache), false)
#3 /app/public/index.php(37): CodeIgniter\CodeIgniter->run()
#4 {main}
CRITICAL - 2022-01-06 08:57:11 --> Undefined variable $content
#0 /app/app/Controllers/Hashtag.php(47): CodeIgniter\Debug\Exceptions->errorHandler(2, 'Undefined varia...', '/app/app/Contro...', 47)
#1 /app/system/CodeIgniter.php(824): App\Controllers\Hashtag->create_hashtag()
#2 /app/system/CodeIgniter.php(410): CodeIgniter\CodeIgniter->runController(Object(App\Controllers\Hashtag))
#3 /app/system/CodeIgniter.php(318): CodeIgniter\CodeIgniter->handleRequest(NULL, Object(Config\Cache), false)
#4 /app/public/index.php(37): CodeIgniter\CodeIgniter->run()
#5 {main}
CRITICAL - 2022-01-06 08:57:32 --> Undefined variable $content
#0 /app/app/Controllers/Hashtag.php(47): CodeIgniter\Debug\Exceptions->errorHandler(2, 'Undefined varia...', '/app/app/Contro...', 47)
#1 /app/system/CodeIgniter.php(824): App\Controllers\Hashtag->create_hashtag()
#2 /app/system/CodeIgniter.php(410): CodeIgniter\CodeIgniter->runController(Object(App\Controllers\Hashtag))
#3 /app/system/CodeIgniter.php(318): CodeIgniter\CodeIgniter->handleRequest(NULL, Object(Config\Cache), false)
#4 /app/public/index.php(37): CodeIgniter\CodeIgniter->run()
#5 {main}
CRITICAL - 2022-01-06 08:58:55 --> Undefined variable $content
#0 /app/app/Controllers/Hashtag.php(47): CodeIgniter\Debug\Exceptions->errorHandler(2, 'Undefined varia...', '/app/app/Contro...', 47)
#1 /app/system/CodeIgniter.php(824): App\Controllers\Hashtag->create_hashtag()
#2 /app/system/CodeIgniter.php(410): CodeIgniter\CodeIgniter->runController(Object(App\Controllers\Hashtag))
#3 /app/system/CodeIgniter.php(318): CodeIgniter\CodeIgniter->handleRequest(NULL, Object(Config\Cache), false)
#4 /app/public/index.php(37): CodeIgniter\CodeIgniter->run()
#5 {main}
