CRITICAL - 2021-12-26 04:07:31 --> Undefined variable $data
#0 /app/app/Controllers/Comment.php(255): CodeIgniter\Debug\Exceptions->errorHandler(2, 'Undefined varia...', '/app/app/Contro...', 255)
#1 /app/system/CodeIgniter.php(824): App\Controllers\Comment->delete_all_comments()
#2 /app/system/CodeIgniter.php(410): CodeIgniter\CodeIgniter->runController(Object(App\Controllers\Comment))
#3 /app/system/CodeIgniter.php(318): CodeIgniter\CodeIgniter->handleRequest(NULL, Object(Config\Cache), false)
#4 /app/public/index.php(37): CodeIgniter\CodeIgniter->run()
#5 {main}
CRITICAL - 2021-12-26 04:07:37 --> Undefined variable $data
#0 /app/app/Controllers/Post.php(365): CodeIgniter\Debug\Exceptions->errorHandler(2, 'Undefined varia...', '/app/app/Contro...', 365)
#1 /app/system/CodeIgniter.php(824): App\Controllers\Post->delete_all_posts()
#2 /app/system/CodeIgniter.php(410): CodeIgniter\CodeIgniter->runController(Object(App\Controllers\Post))
#3 /app/system/CodeIgniter.php(318): CodeIgniter\CodeIgniter->handleRequest(NULL, Object(Config\Cache), false)
#4 /app/public/index.php(37): CodeIgniter\CodeIgniter->run()
#5 {main}
CRITICAL - 2021-12-26 04:07:42 --> Undefined variable $data
#0 /app/app/Controllers/Hashtag.php(103): CodeIgniter\Debug\Exceptions->errorHandler(2, 'Undefined varia...', '/app/app/Contro...', 103)
#1 /app/system/CodeIgniter.php(824): App\Controllers\Hashtag->delete_all_hashtags()
#2 /app/system/CodeIgniter.php(410): CodeIgniter\CodeIgniter->runController(Object(App\Controllers\Hashtag))
#3 /app/system/CodeIgniter.php(318): CodeIgniter\CodeIgniter->handleRequest(NULL, Object(Config\Cache), false)
#4 /app/public/index.php(37): CodeIgniter\CodeIgniter->run()
#5 {main}
CRITICAL - 2021-12-26 04:16:42 --> Call to a member function isValid() on null
#0 /app/system/CodeIgniter.php(824): App\Controllers\User->create_user()
#1 /app/system/CodeIgniter.php(410): CodeIgniter\CodeIgniter->runController(Object(App\Controllers\User))
#2 /app/system/CodeIgniter.php(318): CodeIgniter\CodeIgniter->handleRequest(NULL, Object(Config\Cache), false)
#3 /app/public/index.php(37): CodeIgniter\CodeIgniter->run()
#4 {main}
CRITICAL - 2021-12-26 04:35:46 --> Attempt to read property "image" on array
#0 /app/app/Controllers/User.php(194): CodeIgniter\Debug\Exceptions->errorHandler(2, 'Attempt to read...', '/app/app/Contro...', 194)
#1 /app/system/CodeIgniter.php(824): App\Controllers\User->user_update()
#2 /app/system/CodeIgniter.php(410): CodeIgniter\CodeIgniter->runController(Object(App\Controllers\User))
#3 /app/system/CodeIgniter.php(318): CodeIgniter\CodeIgniter->handleRequest(NULL, Object(Config\Cache), false)
#4 /app/public/index.php(37): CodeIgniter\CodeIgniter->run()
#5 {main}
CRITICAL - 2021-12-26 04:38:21 --> Attempt to read property "image" on array
#0 /app/app/Controllers/User.php(194): CodeIgniter\Debug\Exceptions->errorHandler(2, 'Attempt to read...', '/app/app/Contro...', 194)
#1 /app/system/CodeIgniter.php(824): App\Controllers\User->user_update()
#2 /app/system/CodeIgniter.php(410): CodeIgniter\CodeIgniter->runController(Object(App\Controllers\User))
#3 /app/system/CodeIgniter.php(318): CodeIgniter\CodeIgniter->handleRequest(NULL, Object(Config\Cache), false)
#4 /app/public/index.php(37): CodeIgniter\CodeIgniter->run()
#5 {main}
