ERROR - 2021-12-09 04:37:45 --> Cannot add or update a child row: a foreign key constraint fails (`glimradb`.`post`, CONSTRAINT `fk_post_user` FOREIGN KEY (`user_id`) REFERENCES `user` (`user_id`) ON DELETE CASCADE ON UPDATE CASCADE)
CRITICAL - 2021-12-09 04:37:45 --> Cannot add or update a child row: a foreign key constraint fails (`glimradb`.`post`, CONSTRAINT `fk_post_user` FOREIGN KEY (`user_id`) REFERENCES `user` (`user_id`) ON DELETE CASCADE ON UPDATE CASCADE)
#0 /app/system/Database/MySQLi/Connection.php(292): mysqli->query('INSERT INTO pos...', 0)
#1 /app/system/Database/BaseConnection.php(670): CodeIgniter\Database\MySQLi\Connection->execute('INSERT INTO pos...')
#2 /app/system/Database/BaseConnection.php(598): CodeIgniter\Database\BaseConnection->simpleQuery('INSERT INTO pos...')
#3 /app/app/Models/PostModel.php(30): CodeIgniter\Database\BaseConnection->query('INSERT INTO pos...')
#4 /app/app/Controllers/Post.php(96): App\Models\PostModel->create_post(Object(stdClass))
#5 /app/system/CodeIgniter.php(824): App\Controllers\Post->create_post()
#6 /app/system/CodeIgniter.php(410): CodeIgniter\CodeIgniter->runController(Object(App\Controllers\Post))
#7 /app/system/CodeIgniter.php(318): CodeIgniter\CodeIgniter->handleRequest(NULL, Object(Config\Cache), false)
#8 /app/public/index.php(37): CodeIgniter\CodeIgniter->run()
#9 {main}
ERROR - 2021-12-09 04:38:39 --> Cannot add or update a child row: a foreign key constraint fails (`glimradb`.`post`, CONSTRAINT `fk_post_user` FOREIGN KEY (`user_id`) REFERENCES `user` (`user_id`) ON DELETE CASCADE ON UPDATE CASCADE)
CRITICAL - 2021-12-09 04:38:39 --> Cannot add or update a child row: a foreign key constraint fails (`glimradb`.`post`, CONSTRAINT `fk_post_user` FOREIGN KEY (`user_id`) REFERENCES `user` (`user_id`) ON DELETE CASCADE ON UPDATE CASCADE)
#0 /app/system/Database/MySQLi/Connection.php(292): mysqli->query('INSERT INTO pos...', 0)
#1 /app/system/Database/BaseConnection.php(670): CodeIgniter\Database\MySQLi\Connection->execute('INSERT INTO pos...')
#2 /app/system/Database/BaseConnection.php(598): CodeIgniter\Database\BaseConnection->simpleQuery('INSERT INTO pos...')
#3 /app/app/Models/PostModel.php(30): CodeIgniter\Database\BaseConnection->query('INSERT INTO pos...')
#4 /app/app/Controllers/Post.php(96): App\Models\PostModel->create_post(Object(stdClass))
#5 /app/system/CodeIgniter.php(824): App\Controllers\Post->create_post()
#6 /app/system/CodeIgniter.php(410): CodeIgniter\CodeIgniter->runController(Object(App\Controllers\Post))
#7 /app/system/CodeIgniter.php(318): CodeIgniter\CodeIgniter->handleRequest(NULL, Object(Config\Cache), false)
#8 /app/public/index.php(37): CodeIgniter\CodeIgniter->run()
#9 {main}
CRITICAL - 2021-12-09 04:44:52 --> Undefined variable $content
#0 /app/app/Controllers/Hashtag.php(60): CodeIgniter\Debug\Exceptions->errorHandler(2, 'Undefined varia...', '/app/app/Contro...', 60)
#1 /app/system/CodeIgniter.php(824): App\Controllers\Hashtag->get_certain_hashtags()
#2 /app/system/CodeIgniter.php(410): CodeIgniter\CodeIgniter->runController(Object(App\Controllers\Hashtag))
#3 /app/system/CodeIgniter.php(318): CodeIgniter\CodeIgniter->handleRequest(NULL, Object(Config\Cache), false)
#4 /app/public/index.php(37): CodeIgniter\CodeIgniter->run()
#5 {main}
CRITICAL - 2021-12-09 04:45:24 --> Undefined variable $content
#0 /app/app/Controllers/Hashtag.php(60): CodeIgniter\Debug\Exceptions->errorHandler(2, 'Undefined varia...', '/app/app/Contro...', 60)
#1 /app/system/CodeIgniter.php(824): App\Controllers\Hashtag->get_certain_hashtags()
#2 /app/system/CodeIgniter.php(410): CodeIgniter\CodeIgniter->runController(Object(App\Controllers\Hashtag))
#3 /app/system/CodeIgniter.php(318): CodeIgniter\CodeIgniter->handleRequest(NULL, Object(Config\Cache), false)
#4 /app/public/index.php(37): CodeIgniter\CodeIgniter->run()
#5 {main}
ERROR - 2021-12-09 04:48:12 --> Cannot add or update a child row: a foreign key constraint fails (`glimradb`.`comment`, CONSTRAINT `fk_comment_user1` FOREIGN KEY (`user_id`) REFERENCES `user` (`user_id`) ON DELETE CASCADE ON UPDATE CASCADE)
CRITICAL - 2021-12-09 04:48:12 --> Cannot add or update a child row: a foreign key constraint fails (`glimradb`.`comment`, CONSTRAINT `fk_comment_user1` FOREIGN KEY (`user_id`) REFERENCES `user` (`user_id`) ON DELETE CASCADE ON UPDATE CASCADE)
#0 /app/system/Database/MySQLi/Connection.php(292): mysqli->query('INSERT INTO com...', 0)
#1 /app/system/Database/BaseConnection.php(670): CodeIgniter\Database\MySQLi\Connection->execute('INSERT INTO com...')
#2 /app/system/Database/BaseConnection.php(598): CodeIgniter\Database\BaseConnection->simpleQuery('INSERT INTO com...')
#3 /app/app/Models/CommentModel.php(40): CodeIgniter\Database\BaseConnection->query('INSERT INTO com...')
#4 /app/app/Controllers/Comment.php(65): App\Models\CommentModel->create_comment(Object(stdClass))
#5 /app/system/CodeIgniter.php(824): App\Controllers\Comment->create_comment()
#6 /app/system/CodeIgniter.php(410): CodeIgniter\CodeIgniter->runController(Object(App\Controllers\Comment))
#7 /app/system/CodeIgniter.php(318): CodeIgniter\CodeIgniter->handleRequest(NULL, Object(Config\Cache), false)
#8 /app/public/index.php(37): CodeIgniter\CodeIgniter->run()
#9 {main}
ERROR - 2021-12-09 04:48:23 --> Cannot add or update a child row: a foreign key constraint fails (`glimradb`.`comment`, CONSTRAINT `fk_comment_user1` FOREIGN KEY (`user_id`) REFERENCES `user` (`user_id`) ON DELETE CASCADE ON UPDATE CASCADE)
CRITICAL - 2021-12-09 04:48:23 --> Cannot add or update a child row: a foreign key constraint fails (`glimradb`.`comment`, CONSTRAINT `fk_comment_user1` FOREIGN KEY (`user_id`) REFERENCES `user` (`user_id`) ON DELETE CASCADE ON UPDATE CASCADE)
#0 /app/system/Database/MySQLi/Connection.php(292): mysqli->query('INSERT INTO com...', 0)
#1 /app/system/Database/BaseConnection.php(670): CodeIgniter\Database\MySQLi\Connection->execute('INSERT INTO com...')
#2 /app/system/Database/BaseConnection.php(598): CodeIgniter\Database\BaseConnection->simpleQuery('INSERT INTO com...')
#3 /app/app/Models/CommentModel.php(40): CodeIgniter\Database\BaseConnection->query('INSERT INTO com...')
#4 /app/app/Controllers/Comment.php(65): App\Models\CommentModel->create_comment(Object(stdClass))
#5 /app/system/CodeIgniter.php(824): App\Controllers\Comment->create_comment()
#6 /app/system/CodeIgniter.php(410): CodeIgniter\CodeIgniter->runController(Object(App\Controllers\Comment))
#7 /app/system/CodeIgniter.php(318): CodeIgniter\CodeIgniter->handleRequest(NULL, Object(Config\Cache), false)
#8 /app/public/index.php(37): CodeIgniter\CodeIgniter->run()
#9 {main}
CRITICAL - 2021-12-09 04:57:33 --> Attempt to assign property "logged_in" on array
#0 /app/system/CodeIgniter.php(824): App\Controllers\User->user_login()
#1 /app/system/CodeIgniter.php(410): CodeIgniter\CodeIgniter->runController(Object(App\Controllers\User))
#2 /app/system/CodeIgniter.php(318): CodeIgniter\CodeIgniter->handleRequest(NULL, Object(Config\Cache), false)
#3 /app/public/index.php(37): CodeIgniter\CodeIgniter->run()
#4 {main}
CRITICAL - 2021-12-09 04:58:37 --> syntax error, unexpected token "=", expecting ")"
#0 /app/system/Router/Router.php(176): CodeIgniter\Router\Router->autoRoute('user/user_login')
#1 /app/system/CodeIgniter.php(718): CodeIgniter\Router\Router->handle('user/user_login')
#2 /app/system/CodeIgniter.php(359): CodeIgniter\CodeIgniter->tryToRouteIt(Object(CodeIgniter\Router\RouteCollection))
#3 /app/system/CodeIgniter.php(318): CodeIgniter\CodeIgniter->handleRequest(NULL, Object(Config\Cache), false)
#4 /app/public/index.php(37): CodeIgniter\CodeIgniter->run()
#5 {main}
CRITICAL - 2021-12-09 04:59:20 --> Undefined array key 0
#0 /app/app/Controllers/User.php(102): CodeIgniter\Debug\Exceptions->errorHandler(2, 'Undefined array...', '/app/app/Contro...', 102)
#1 /app/system/CodeIgniter.php(824): App\Controllers\User->user_login()
#2 /app/system/CodeIgniter.php(410): CodeIgniter\CodeIgniter->runController(Object(App\Controllers\User))
#3 /app/system/CodeIgniter.php(318): CodeIgniter\CodeIgniter->handleRequest(NULL, Object(Config\Cache), false)
#4 /app/public/index.php(37): CodeIgniter\CodeIgniter->run()
#5 {main}
CRITICAL - 2021-12-09 05:00:41 --> Undefined variable $correct
#0 /app/app/Controllers/User.php(107): CodeIgniter\Debug\Exceptions->errorHandler(2, 'Undefined varia...', '/app/app/Contro...', 107)
#1 /app/system/CodeIgniter.php(824): App\Controllers\User->user_login()
#2 /app/system/CodeIgniter.php(410): CodeIgniter\CodeIgniter->runController(Object(App\Controllers\User))
#3 /app/system/CodeIgniter.php(318): CodeIgniter\CodeIgniter->handleRequest(NULL, Object(Config\Cache), false)
#4 /app/public/index.php(37): CodeIgniter\CodeIgniter->run()
#5 {main}
CRITICAL - 2021-12-09 05:02:38 --> Call to undefined function App\Controllers\setJSON()
#0 /app/system/CodeIgniter.php(824): App\Controllers\User->user_login()
#1 /app/system/CodeIgniter.php(410): CodeIgniter\CodeIgniter->runController(Object(App\Controllers\User))
#2 /app/system/CodeIgniter.php(318): CodeIgniter\CodeIgniter->handleRequest(NULL, Object(Config\Cache), false)
#3 /app/public/index.php(37): CodeIgniter\CodeIgniter->run()
#4 {main}
CRITICAL - 2021-12-09 05:04:00 --> Call to undefined method CodeIgniter\HTTP\Response::json_encode()
#0 /app/system/CodeIgniter.php(824): App\Controllers\User->user_login()
#1 /app/system/CodeIgniter.php(410): CodeIgniter\CodeIgniter->runController(Object(App\Controllers\User))
#2 /app/system/CodeIgniter.php(318): CodeIgniter\CodeIgniter->handleRequest(NULL, Object(Config\Cache), false)
#3 /app/public/index.php(37): CodeIgniter\CodeIgniter->run()
#4 {main}
ERROR - 2021-12-09 06:48:59 --> Cannot add or update a child row: a foreign key constraint fails (`glimradb`.`reaction`, CONSTRAINT `fk_like_user1` FOREIGN KEY (`user_id`) REFERENCES `user` (`user_id`) ON DELETE CASCADE ON UPDATE NO ACTION)
CRITICAL - 2021-12-09 06:48:59 --> Cannot add or update a child row: a foreign key constraint fails (`glimradb`.`reaction`, CONSTRAINT `fk_like_user1` FOREIGN KEY (`user_id`) REFERENCES `user` (`user_id`) ON DELETE CASCADE ON UPDATE NO ACTION)
#0 /app/system/Database/MySQLi/Connection.php(292): mysqli->query('INSERT INTO rea...', 0)
#1 /app/system/Database/BaseConnection.php(670): CodeIgniter\Database\MySQLi\Connection->execute('INSERT INTO rea...')
#2 /app/system/Database/BaseConnection.php(598): CodeIgniter\Database\BaseConnection->simpleQuery('INSERT INTO rea...')
#3 /app/app/Models/ReactionModel.php(30): CodeIgniter\Database\BaseConnection->query('INSERT INTO rea...')
#4 /app/app/Controllers/Reaction.php(47): App\Models\ReactionModel->create_reaction(Object(stdClass))
#5 /app/system/CodeIgniter.php(824): App\Controllers\Reaction->create_reaction()
#6 /app/system/CodeIgniter.php(410): CodeIgniter\CodeIgniter->runController(Object(App\Controllers\Reaction))
#7 /app/system/CodeIgniter.php(318): CodeIgniter\CodeIgniter->handleRequest(NULL, Object(Config\Cache), false)
#8 /app/public/index.php(37): CodeIgniter\CodeIgniter->run()
#9 {main}
ERROR - 2021-12-09 06:50:02 --> Cannot add or update a child row: a foreign key constraint fails (`glimradb`.`reaction`, CONSTRAINT `fk_like_user1` FOREIGN KEY (`user_id`) REFERENCES `user` (`user_id`) ON DELETE CASCADE ON UPDATE NO ACTION)
CRITICAL - 2021-12-09 06:50:03 --> Cannot add or update a child row: a foreign key constraint fails (`glimradb`.`reaction`, CONSTRAINT `fk_like_user1` FOREIGN KEY (`user_id`) REFERENCES `user` (`user_id`) ON DELETE CASCADE ON UPDATE NO ACTION)
#0 /app/system/Database/MySQLi/Connection.php(292): mysqli->query('INSERT INTO rea...', 0)
#1 /app/system/Database/BaseConnection.php(670): CodeIgniter\Database\MySQLi\Connection->execute('INSERT INTO rea...')
#2 /app/system/Database/BaseConnection.php(598): CodeIgniter\Database\BaseConnection->simpleQuery('INSERT INTO rea...')
#3 /app/app/Models/ReactionModel.php(30): CodeIgniter\Database\BaseConnection->query('INSERT INTO rea...')
#4 /app/app/Controllers/Reaction.php(47): App\Models\ReactionModel->create_reaction(Object(stdClass))
#5 /app/system/CodeIgniter.php(824): App\Controllers\Reaction->create_reaction()
#6 /app/system/CodeIgniter.php(410): CodeIgniter\CodeIgniter->runController(Object(App\Controllers\Reaction))
#7 /app/system/CodeIgniter.php(318): CodeIgniter\CodeIgniter->handleRequest(NULL, Object(Config\Cache), false)
#8 /app/public/index.php(37): CodeIgniter\CodeIgniter->run()
#9 {main}
ERROR - 2021-12-09 06:51:19 --> Cannot add or update a child row: a foreign key constraint fails (`glimradb`.`reaction`, CONSTRAINT `fk_like_user1` FOREIGN KEY (`user_id`) REFERENCES `user` (`user_id`) ON DELETE CASCADE ON UPDATE CASCADE)
CRITICAL - 2021-12-09 06:51:19 --> Cannot add or update a child row: a foreign key constraint fails (`glimradb`.`reaction`, CONSTRAINT `fk_like_user1` FOREIGN KEY (`user_id`) REFERENCES `user` (`user_id`) ON DELETE CASCADE ON UPDATE CASCADE)
#0 /app/system/Database/MySQLi/Connection.php(292): mysqli->query('INSERT INTO rea...', 0)
#1 /app/system/Database/BaseConnection.php(670): CodeIgniter\Database\MySQLi\Connection->execute('INSERT INTO rea...')
#2 /app/system/Database/BaseConnection.php(598): CodeIgniter\Database\BaseConnection->simpleQuery('INSERT INTO rea...')
#3 /app/app/Models/ReactionModel.php(30): CodeIgniter\Database\BaseConnection->query('INSERT INTO rea...')
#4 /app/app/Controllers/Reaction.php(47): App\Models\ReactionModel->create_reaction(Object(stdClass))
#5 /app/system/CodeIgniter.php(824): App\Controllers\Reaction->create_reaction()
#6 /app/system/CodeIgniter.php(410): CodeIgniter\CodeIgniter->runController(Object(App\Controllers\Reaction))
#7 /app/system/CodeIgniter.php(318): CodeIgniter\CodeIgniter->handleRequest(NULL, Object(Config\Cache), false)
#8 /app/public/index.php(37): CodeIgniter\CodeIgniter->run()
#9 {main}
ERROR - 2021-12-09 06:51:55 --> Cannot add or update a child row: a foreign key constraint fails (`glimradb`.`reaction`, CONSTRAINT `fk_like_user1` FOREIGN KEY (`user_id`) REFERENCES `user` (`user_id`) ON DELETE CASCADE ON UPDATE CASCADE)
CRITICAL - 2021-12-09 06:51:55 --> Cannot add or update a child row: a foreign key constraint fails (`glimradb`.`reaction`, CONSTRAINT `fk_like_user1` FOREIGN KEY (`user_id`) REFERENCES `user` (`user_id`) ON DELETE CASCADE ON UPDATE CASCADE)
#0 /app/system/Database/MySQLi/Connection.php(292): mysqli->query('INSERT INTO rea...', 0)
#1 /app/system/Database/BaseConnection.php(670): CodeIgniter\Database\MySQLi\Connection->execute('INSERT INTO rea...')
#2 /app/system/Database/BaseConnection.php(598): CodeIgniter\Database\BaseConnection->simpleQuery('INSERT INTO rea...')
#3 /app/app/Models/ReactionModel.php(30): CodeIgniter\Database\BaseConnection->query('INSERT INTO rea...')
#4 /app/app/Controllers/Reaction.php(47): App\Models\ReactionModel->create_reaction(Object(stdClass))
#5 /app/system/CodeIgniter.php(824): App\Controllers\Reaction->create_reaction()
#6 /app/system/CodeIgniter.php(410): CodeIgniter\CodeIgniter->runController(Object(App\Controllers\Reaction))
#7 /app/system/CodeIgniter.php(318): CodeIgniter\CodeIgniter->handleRequest(NULL, Object(Config\Cache), false)
#8 /app/public/index.php(37): CodeIgniter\CodeIgniter->run()
#9 {main}
ERROR - 2021-12-09 06:52:54 --> Cannot add or update a child row: a foreign key constraint fails (`glimradb`.`reaction`, CONSTRAINT `fk_like_user1` FOREIGN KEY (`user_id`) REFERENCES `user` (`user_id`) ON DELETE CASCADE ON UPDATE CASCADE)
CRITICAL - 2021-12-09 06:52:54 --> Cannot add or update a child row: a foreign key constraint fails (`glimradb`.`reaction`, CONSTRAINT `fk_like_user1` FOREIGN KEY (`user_id`) REFERENCES `user` (`user_id`) ON DELETE CASCADE ON UPDATE CASCADE)
#0 /app/system/Database/MySQLi/Connection.php(292): mysqli->query('INSERT INTO rea...', 0)
#1 /app/system/Database/BaseConnection.php(670): CodeIgniter\Database\MySQLi\Connection->execute('INSERT INTO rea...')
#2 /app/system/Database/BaseConnection.php(598): CodeIgniter\Database\BaseConnection->simpleQuery('INSERT INTO rea...')
#3 /app/app/Models/ReactionModel.php(30): CodeIgniter\Database\BaseConnection->query('INSERT INTO rea...')
#4 /app/app/Controllers/Reaction.php(47): App\Models\ReactionModel->create_reaction(Object(stdClass))
#5 /app/system/CodeIgniter.php(824): App\Controllers\Reaction->create_reaction()
#6 /app/system/CodeIgniter.php(410): CodeIgniter\CodeIgniter->runController(Object(App\Controllers\Reaction))
#7 /app/system/CodeIgniter.php(318): CodeIgniter\CodeIgniter->handleRequest(NULL, Object(Config\Cache), false)
#8 /app/public/index.php(37): CodeIgniter\CodeIgniter->run()
#9 {main}
ERROR - 2021-12-09 06:54:04 --> Cannot add or update a child row: a foreign key constraint fails (`glimradb`.`reaction`, CONSTRAINT `fk_like_user1` FOREIGN KEY (`user_id`) REFERENCES `user` (`user_id`) ON DELETE NO ACTION ON UPDATE CASCADE)
CRITICAL - 2021-12-09 06:54:04 --> Cannot add or update a child row: a foreign key constraint fails (`glimradb`.`reaction`, CONSTRAINT `fk_like_user1` FOREIGN KEY (`user_id`) REFERENCES `user` (`user_id`) ON DELETE NO ACTION ON UPDATE CASCADE)
#0 /app/system/Database/MySQLi/Connection.php(292): mysqli->query('INSERT INTO rea...', 0)
#1 /app/system/Database/BaseConnection.php(670): CodeIgniter\Database\MySQLi\Connection->execute('INSERT INTO rea...')
#2 /app/system/Database/BaseConnection.php(598): CodeIgniter\Database\BaseConnection->simpleQuery('INSERT INTO rea...')
#3 /app/app/Models/ReactionModel.php(30): CodeIgniter\Database\BaseConnection->query('INSERT INTO rea...')
#4 /app/app/Controllers/Reaction.php(47): App\Models\ReactionModel->create_reaction(Object(stdClass))
#5 /app/system/CodeIgniter.php(824): App\Controllers\Reaction->create_reaction()
#6 /app/system/CodeIgniter.php(410): CodeIgniter\CodeIgniter->runController(Object(App\Controllers\Reaction))
#7 /app/system/CodeIgniter.php(318): CodeIgniter\CodeIgniter->handleRequest(NULL, Object(Config\Cache), false)
#8 /app/public/index.php(37): CodeIgniter\CodeIgniter->run()
#9 {main}
ERROR - 2021-12-09 06:55:20 --> Cannot add or update a child row: a foreign key constraint fails (`glimradb`.`reaction`, CONSTRAINT `fk_like_user1` FOREIGN KEY (`user_id`) REFERENCES `user` (`user_id`) ON DELETE NO ACTION ON UPDATE CASCADE)
CRITICAL - 2021-12-09 06:55:20 --> Cannot add or update a child row: a foreign key constraint fails (`glimradb`.`reaction`, CONSTRAINT `fk_like_user1` FOREIGN KEY (`user_id`) REFERENCES `user` (`user_id`) ON DELETE NO ACTION ON UPDATE CASCADE)
#0 /app/system/Database/MySQLi/Connection.php(292): mysqli->query('INSERT INTO rea...', 0)
#1 /app/system/Database/BaseConnection.php(670): CodeIgniter\Database\MySQLi\Connection->execute('INSERT INTO rea...')
#2 /app/system/Database/BaseConnection.php(598): CodeIgniter\Database\BaseConnection->simpleQuery('INSERT INTO rea...')
#3 /app/app/Models/ReactionModel.php(30): CodeIgniter\Database\BaseConnection->query('INSERT INTO rea...')
#4 /app/app/Controllers/Reaction.php(47): App\Models\ReactionModel->create_reaction(Object(stdClass))
#5 /app/system/CodeIgniter.php(824): App\Controllers\Reaction->create_reaction()
#6 /app/system/CodeIgniter.php(410): CodeIgniter\CodeIgniter->runController(Object(App\Controllers\Reaction))
#7 /app/system/CodeIgniter.php(318): CodeIgniter\CodeIgniter->handleRequest(NULL, Object(Config\Cache), false)
#8 /app/public/index.php(37): CodeIgniter\CodeIgniter->run()
#9 {main}
ERROR - 2021-12-09 06:56:09 --> Cannot add or update a child row: a foreign key constraint fails (`glimradb`.`reaction`, CONSTRAINT `fk_like_user1` FOREIGN KEY (`user_id`) REFERENCES `user` (`user_id`) ON DELETE NO ACTION ON UPDATE NO ACTION)
CRITICAL - 2021-12-09 06:56:09 --> Cannot add or update a child row: a foreign key constraint fails (`glimradb`.`reaction`, CONSTRAINT `fk_like_user1` FOREIGN KEY (`user_id`) REFERENCES `user` (`user_id`) ON DELETE NO ACTION ON UPDATE NO ACTION)
#0 /app/system/Database/MySQLi/Connection.php(292): mysqli->query('INSERT INTO rea...', 0)
#1 /app/system/Database/BaseConnection.php(670): CodeIgniter\Database\MySQLi\Connection->execute('INSERT INTO rea...')
#2 /app/system/Database/BaseConnection.php(598): CodeIgniter\Database\BaseConnection->simpleQuery('INSERT INTO rea...')
#3 /app/app/Models/ReactionModel.php(30): CodeIgniter\Database\BaseConnection->query('INSERT INTO rea...')
#4 /app/app/Controllers/Reaction.php(47): App\Models\ReactionModel->create_reaction(Object(stdClass))
#5 /app/system/CodeIgniter.php(824): App\Controllers\Reaction->create_reaction()
#6 /app/system/CodeIgniter.php(410): CodeIgniter\CodeIgniter->runController(Object(App\Controllers\Reaction))
#7 /app/system/CodeIgniter.php(318): CodeIgniter\CodeIgniter->handleRequest(NULL, Object(Config\Cache), false)
#8 /app/public/index.php(37): CodeIgniter\CodeIgniter->run()
#9 {main}
ERROR - 2021-12-09 06:56:56 --> Cannot add or update a child row: a foreign key constraint fails (`glimradb`.`reaction`, CONSTRAINT `fk_like_user1` FOREIGN KEY (`user_id`) REFERENCES `user` (`user_id`) ON DELETE NO ACTION)
CRITICAL - 2021-12-09 06:56:56 --> Cannot add or update a child row: a foreign key constraint fails (`glimradb`.`reaction`, CONSTRAINT `fk_like_user1` FOREIGN KEY (`user_id`) REFERENCES `user` (`user_id`) ON DELETE NO ACTION)
#0 /app/system/Database/MySQLi/Connection.php(292): mysqli->query('INSERT INTO rea...', 0)
#1 /app/system/Database/BaseConnection.php(670): CodeIgniter\Database\MySQLi\Connection->execute('INSERT INTO rea...')
#2 /app/system/Database/BaseConnection.php(598): CodeIgniter\Database\BaseConnection->simpleQuery('INSERT INTO rea...')
#3 /app/app/Models/ReactionModel.php(30): CodeIgniter\Database\BaseConnection->query('INSERT INTO rea...')
#4 /app/app/Controllers/Reaction.php(47): App\Models\ReactionModel->create_reaction(Object(stdClass))
#5 /app/system/CodeIgniter.php(824): App\Controllers\Reaction->create_reaction()
#6 /app/system/CodeIgniter.php(410): CodeIgniter\CodeIgniter->runController(Object(App\Controllers\Reaction))
#7 /app/system/CodeIgniter.php(318): CodeIgniter\CodeIgniter->handleRequest(NULL, Object(Config\Cache), false)
#8 /app/public/index.php(37): CodeIgniter\CodeIgniter->run()
#9 {main}
