CRITICAL - 2022-01-12 08:58:26 --> Undefined variable $data
#0 /app/app/Controllers/Comment.php(284): CodeIgniter\Debug\Exceptions->errorHandler(2, 'Undefined varia...', '/app/app/Contro...', 284)
#1 /app/system/CodeIgniter.php(824): App\Controllers\Comment->delete_all_comments()
#2 /app/system/CodeIgniter.php(410): CodeIgniter\CodeIgniter->runController(Object(App\Controllers\Comment))
#3 /app/system/CodeIgniter.php(318): CodeIgniter\CodeIgniter->handleRequest(NULL, Object(Config\Cache), false)
#4 /app/public/index.php(37): CodeIgniter\CodeIgniter->run()
#5 {main}
CRITICAL - 2022-01-12 08:58:34 --> Undefined variable $data
#0 /app/app/Controllers/Post.php(414): CodeIgniter\Debug\Exceptions->errorHandler(2, 'Undefined varia...', '/app/app/Contro...', 414)
#1 /app/system/CodeIgniter.php(824): App\Controllers\Post->delete_all_posts()
#2 /app/system/CodeIgniter.php(410): CodeIgniter\CodeIgniter->runController(Object(App\Controllers\Post))
#3 /app/system/CodeIgniter.php(318): CodeIgniter\CodeIgniter->handleRequest(NULL, Object(Config\Cache), false)
#4 /app/public/index.php(37): CodeIgniter\CodeIgniter->run()
#5 {main}
CRITICAL - 2022-01-12 08:58:44 --> Undefined variable $data
#0 /app/app/Controllers/Hashtag.php(114): CodeIgniter\Debug\Exceptions->errorHandler(2, 'Undefined varia...', '/app/app/Contro...', 114)
#1 /app/system/CodeIgniter.php(824): App\Controllers\Hashtag->delete_all_hashtags()
#2 /app/system/CodeIgniter.php(410): CodeIgniter\CodeIgniter->runController(Object(App\Controllers\Hashtag))
#3 /app/system/CodeIgniter.php(318): CodeIgniter\CodeIgniter->handleRequest(NULL, Object(Config\Cache), false)
#4 /app/public/index.php(37): CodeIgniter\CodeIgniter->run()
#5 {main}
CRITICAL - 2022-01-12 08:59:55 --> Undefined array key 0
#0 /app/app/Controllers/Hashtag.php(161): CodeIgniter\Debug\Exceptions->errorHandler(2, 'Undefined array...', '/app/app/Contro...', 161)
#1 /app/system/CodeIgniter.php(824): App\Controllers\Hashtag->get_user_main_hashtags()
#2 /app/system/CodeIgniter.php(410): CodeIgniter\CodeIgniter->runController(Object(App\Controllers\Hashtag))
#3 /app/system/CodeIgniter.php(318): CodeIgniter\CodeIgniter->handleRequest(NULL, Object(Config\Cache), false)
#4 /app/public/index.php(37): CodeIgniter\CodeIgniter->run()
#5 {main}
CRITICAL - 2022-01-12 09:01:50 --> Undefined array key "image"
#0 /app/app/Models/PostModel.php(68): CodeIgniter\Debug\Exceptions->errorHandler(2, 'Undefined array...', '/app/app/Models...', 68)
#1 /app/app/Controllers/Post.php(338): App\Models\PostModel->create_post(Array)
#2 /app/system/CodeIgniter.php(824): App\Controllers\Post->create_post()
#3 /app/system/CodeIgniter.php(410): CodeIgniter\CodeIgniter->runController(Object(App\Controllers\Post))
#4 /app/system/CodeIgniter.php(318): CodeIgniter\CodeIgniter->handleRequest(NULL, Object(Config\Cache), false)
#5 /app/public/index.php(37): CodeIgniter\CodeIgniter->run()
#6 {main}
CRITICAL - 2022-01-12 09:04:03 --> Undefined array key "image"
#0 /app/app/Models/PostModel.php(69): CodeIgniter\Debug\Exceptions->errorHandler(2, 'Undefined array...', '/app/app/Models...', 69)
#1 /app/app/Controllers/Post.php(338): App\Models\PostModel->create_post(Array)
#2 /app/system/CodeIgniter.php(824): App\Controllers\Post->create_post()
#3 /app/system/CodeIgniter.php(410): CodeIgniter\CodeIgniter->runController(Object(App\Controllers\Post))
#4 /app/system/CodeIgniter.php(318): CodeIgniter\CodeIgniter->handleRequest(NULL, Object(Config\Cache), false)
#5 /app/public/index.php(37): CodeIgniter\CodeIgniter->run()
#6 {main}
CRITICAL - 2022-01-12 09:05:47 --> Undefined array key "image"
#0 /app/app/Models/PostModel.php(69): CodeIgniter\Debug\Exceptions->errorHandler(2, 'Undefined array...', '/app/app/Models...', 69)
#1 /app/app/Controllers/Post.php(338): App\Models\PostModel->create_post(Array)
#2 /app/system/CodeIgniter.php(824): App\Controllers\Post->create_post()
#3 /app/system/CodeIgniter.php(410): CodeIgniter\CodeIgniter->runController(Object(App\Controllers\Post))
#4 /app/system/CodeIgniter.php(318): CodeIgniter\CodeIgniter->handleRequest(NULL, Object(Config\Cache), false)
#5 /app/public/index.php(37): CodeIgniter\CodeIgniter->run()
#6 {main}
ERROR - 2022-01-12 09:07:48 --> Column count doesn't match value count at row 1
CRITICAL - 2022-01-12 09:07:48 --> Column count doesn't match value count at row 1
#0 /app/system/Database/MySQLi/Connection.php(292): mysqli->query('INSERT INTO pos...', 0)
#1 /app/system/Database/BaseConnection.php(670): CodeIgniter\Database\MySQLi\Connection->execute('INSERT INTO pos...')
#2 /app/system/Database/BaseConnection.php(598): CodeIgniter\Database\BaseConnection->simpleQuery('INSERT INTO pos...')
#3 /app/app/Models/PostModel.php(68): CodeIgniter\Database\BaseConnection->query('INSERT INTO pos...')
#4 /app/app/Controllers/Post.php(338): App\Models\PostModel->create_post(Array)
#5 /app/system/CodeIgniter.php(824): App\Controllers\Post->create_post()
#6 /app/system/CodeIgniter.php(410): CodeIgniter\CodeIgniter->runController(Object(App\Controllers\Post))
#7 /app/system/CodeIgniter.php(318): CodeIgniter\CodeIgniter->handleRequest(NULL, Object(Config\Cache), false)
#8 /app/public/index.php(37): CodeIgniter\CodeIgniter->run()
#9 {main}
CRITICAL - 2022-01-12 09:11:05 --> Undefined variable $data
#0 /app/app/Controllers/Post.php(414): CodeIgniter\Debug\Exceptions->errorHandler(2, 'Undefined varia...', '/app/app/Contro...', 414)
#1 /app/system/CodeIgniter.php(824): App\Controllers\Post->delete_all_posts()
#2 /app/system/CodeIgniter.php(410): CodeIgniter\CodeIgniter->runController(Object(App\Controllers\Post))
#3 /app/system/CodeIgniter.php(318): CodeIgniter\CodeIgniter->handleRequest(NULL, Object(Config\Cache), false)
#4 /app/public/index.php(37): CodeIgniter\CodeIgniter->run()
#5 {main}
CRITICAL - 2022-01-12 09:13:29 --> syntax error, unexpected token "foreach"
#0 /app/system/Router/Router.php(176): CodeIgniter\Router\Router->autoRoute('post/create_pos...')
#1 /app/system/CodeIgniter.php(718): CodeIgniter\Router\Router->handle('post/create_pos...')
#2 /app/system/CodeIgniter.php(359): CodeIgniter\CodeIgniter->tryToRouteIt(Object(CodeIgniter\Router\RouteCollection))
#3 /app/system/CodeIgniter.php(318): CodeIgniter\CodeIgniter->handleRequest(NULL, Object(Config\Cache), false)
#4 /app/public/index.php(37): CodeIgniter\CodeIgniter->run()
#5 {main}
CRITICAL - 2022-01-12 09:17:33 --> syntax error, unexpected token "foreach"
#0 /app/system/Router/Router.php(176): CodeIgniter\Router\Router->autoRoute('post/get_posts_...')
#1 /app/system/CodeIgniter.php(718): CodeIgniter\Router\Router->handle('post/get_posts_...')
#2 /app/system/CodeIgniter.php(359): CodeIgniter\CodeIgniter->tryToRouteIt(Object(CodeIgniter\Router\RouteCollection))
#3 /app/system/CodeIgniter.php(318): CodeIgniter\CodeIgniter->handleRequest(NULL, Object(Config\Cache), false)
#4 /app/public/index.php(37): CodeIgniter\CodeIgniter->run()
#5 {main}
CRITICAL - 2022-01-12 09:19:50 --> syntax error, unexpected token "foreach"
#0 /app/system/Router/Router.php(176): CodeIgniter\Router\Router->autoRoute('post/get_posts_...')
#1 /app/system/CodeIgniter.php(718): CodeIgniter\Router\Router->handle('post/get_posts_...')
#2 /app/system/CodeIgniter.php(359): CodeIgniter\CodeIgniter->tryToRouteIt(Object(CodeIgniter\Router\RouteCollection))
#3 /app/system/CodeIgniter.php(318): CodeIgniter\CodeIgniter->handleRequest(NULL, Object(Config\Cache), false)
#4 /app/public/index.php(37): CodeIgniter\CodeIgniter->run()
#5 {main}
CRITICAL - 2022-01-12 09:22:04 --> syntax error, unexpected token "if"
#0 /app/system/Router/Router.php(176): CodeIgniter\Router\Router->autoRoute('post/get_posts_...')
#1 /app/system/CodeIgniter.php(718): CodeIgniter\Router\Router->handle('post/get_posts_...')
#2 /app/system/CodeIgniter.php(359): CodeIgniter\CodeIgniter->tryToRouteIt(Object(CodeIgniter\Router\RouteCollection))
#3 /app/system/CodeIgniter.php(318): CodeIgniter\CodeIgniter->handleRequest(NULL, Object(Config\Cache), false)
#4 /app/public/index.php(37): CodeIgniter\CodeIgniter->run()
#5 {main}
CRITICAL - 2022-01-12 09:22:47 --> Undefined variable $data
#0 /app/app/Controllers/Comment.php(284): CodeIgniter\Debug\Exceptions->errorHandler(2, 'Undefined varia...', '/app/app/Contro...', 284)
#1 /app/system/CodeIgniter.php(824): App\Controllers\Comment->delete_all_comments()
#2 /app/system/CodeIgniter.php(410): CodeIgniter\CodeIgniter->runController(Object(App\Controllers\Comment))
#3 /app/system/CodeIgniter.php(318): CodeIgniter\CodeIgniter->handleRequest(NULL, Object(Config\Cache), false)
#4 /app/public/index.php(37): CodeIgniter\CodeIgniter->run()
#5 {main}
CRITICAL - 2022-01-12 09:22:51 --> syntax error, unexpected token "if"
#0 /app/system/Router/Router.php(176): CodeIgniter\Router\Router->autoRoute('post/delete_all...')
#1 /app/system/CodeIgniter.php(718): CodeIgniter\Router\Router->handle('post/delete_all...')
#2 /app/system/CodeIgniter.php(359): CodeIgniter\CodeIgniter->tryToRouteIt(Object(CodeIgniter\Router\RouteCollection))
#3 /app/system/CodeIgniter.php(318): CodeIgniter\CodeIgniter->handleRequest(NULL, Object(Config\Cache), false)
#4 /app/public/index.php(37): CodeIgniter\CodeIgniter->run()
#5 {main}
CRITICAL - 2022-01-12 09:22:56 --> Undefined variable $data
#0 /app/app/Controllers/Hashtag.php(114): CodeIgniter\Debug\Exceptions->errorHandler(2, 'Undefined varia...', '/app/app/Contro...', 114)
#1 /app/system/CodeIgniter.php(824): App\Controllers\Hashtag->delete_all_hashtags()
#2 /app/system/CodeIgniter.php(410): CodeIgniter\CodeIgniter->runController(Object(App\Controllers\Hashtag))
#3 /app/system/CodeIgniter.php(318): CodeIgniter\CodeIgniter->handleRequest(NULL, Object(Config\Cache), false)
#4 /app/public/index.php(37): CodeIgniter\CodeIgniter->run()
#5 {main}
ERROR - 2022-01-12 09:23:03 --> Cannot delete or update a parent row: a foreign key constraint fails (`glimradb`.`post`, CONSTRAINT `fk_post_user` FOREIGN KEY (`user_id`) REFERENCES `user` (`user_id`) ON DELETE NO ACTION ON UPDATE CASCADE)
CRITICAL - 2022-01-12 09:23:03 --> Cannot delete or update a parent row: a foreign key constraint fails (`glimradb`.`post`, CONSTRAINT `fk_post_user` FOREIGN KEY (`user_id`) REFERENCES `user` (`user_id`) ON DELETE NO ACTION ON UPDATE CASCADE)
#0 /app/system/Database/MySQLi/Connection.php(292): mysqli->query('DELETE FROM use...', 0)
#1 /app/system/Database/BaseConnection.php(670): CodeIgniter\Database\MySQLi\Connection->execute('DELETE FROM use...')
#2 /app/system/Database/BaseConnection.php(598): CodeIgniter\Database\BaseConnection->simpleQuery('DELETE FROM use...')
#3 /app/app/Models/UserModel.php(114): CodeIgniter\Database\BaseConnection->query('DELETE FROM use...')
#4 /app/app/Controllers/User.php(333): App\Models\UserModel->delete_all_users()
#5 /app/system/CodeIgniter.php(824): App\Controllers\User->delete_all_users()
#6 /app/system/CodeIgniter.php(410): CodeIgniter\CodeIgniter->runController(Object(App\Controllers\User))
#7 /app/system/CodeIgniter.php(318): CodeIgniter\CodeIgniter->handleRequest(NULL, Object(Config\Cache), false)
#8 /app/public/index.php(37): CodeIgniter\CodeIgniter->run()
#9 {main}
ERROR - 2022-01-12 09:24:09 --> Cannot delete or update a parent row: a foreign key constraint fails (`glimradb`.`post`, CONSTRAINT `fk_post_user` FOREIGN KEY (`user_id`) REFERENCES `user` (`user_id`) ON DELETE NO ACTION ON UPDATE CASCADE)
CRITICAL - 2022-01-12 09:24:09 --> Cannot delete or update a parent row: a foreign key constraint fails (`glimradb`.`post`, CONSTRAINT `fk_post_user` FOREIGN KEY (`user_id`) REFERENCES `user` (`user_id`) ON DELETE NO ACTION ON UPDATE CASCADE)
#0 /app/system/Database/MySQLi/Connection.php(292): mysqli->query('DELETE FROM use...', 0)
#1 /app/system/Database/BaseConnection.php(670): CodeIgniter\Database\MySQLi\Connection->execute('DELETE FROM use...')
#2 /app/system/Database/BaseConnection.php(598): CodeIgniter\Database\BaseConnection->simpleQuery('DELETE FROM use...')
#3 /app/app/Models/UserModel.php(114): CodeIgniter\Database\BaseConnection->query('DELETE FROM use...')
#4 /app/app/Controllers/User.php(333): App\Models\UserModel->delete_all_users()
#5 /app/system/CodeIgniter.php(824): App\Controllers\User->delete_all_users()
#6 /app/system/CodeIgniter.php(410): CodeIgniter\CodeIgniter->runController(Object(App\Controllers\User))
#7 /app/system/CodeIgniter.php(318): CodeIgniter\CodeIgniter->handleRequest(NULL, Object(Config\Cache), false)
#8 /app/public/index.php(37): CodeIgniter\CodeIgniter->run()
#9 {main}
CRITICAL - 2022-01-12 09:24:44 --> Undefined variable $data
#0 /app/app/Controllers/Comment.php(284): CodeIgniter\Debug\Exceptions->errorHandler(2, 'Undefined varia...', '/app/app/Contro...', 284)
#1 /app/system/CodeIgniter.php(824): App\Controllers\Comment->delete_all_comments()
#2 /app/system/CodeIgniter.php(410): CodeIgniter\CodeIgniter->runController(Object(App\Controllers\Comment))
#3 /app/system/CodeIgniter.php(318): CodeIgniter\CodeIgniter->handleRequest(NULL, Object(Config\Cache), false)
#4 /app/public/index.php(37): CodeIgniter\CodeIgniter->run()
#5 {main}
CRITICAL - 2022-01-12 09:24:48 --> syntax error, unexpected token "if"
#0 /app/system/Router/Router.php(176): CodeIgniter\Router\Router->autoRoute('post/delete_all...')
#1 /app/system/CodeIgniter.php(718): CodeIgniter\Router\Router->handle('post/delete_all...')
#2 /app/system/CodeIgniter.php(359): CodeIgniter\CodeIgniter->tryToRouteIt(Object(CodeIgniter\Router\RouteCollection))
#3 /app/system/CodeIgniter.php(318): CodeIgniter\CodeIgniter->handleRequest(NULL, Object(Config\Cache), false)
#4 /app/public/index.php(37): CodeIgniter\CodeIgniter->run()
#5 {main}
CRITICAL - 2022-01-12 09:24:54 --> Undefined variable $data
#0 /app/app/Controllers/Hashtag.php(114): CodeIgniter\Debug\Exceptions->errorHandler(2, 'Undefined varia...', '/app/app/Contro...', 114)
#1 /app/system/CodeIgniter.php(824): App\Controllers\Hashtag->delete_all_hashtags()
#2 /app/system/CodeIgniter.php(410): CodeIgniter\CodeIgniter->runController(Object(App\Controllers\Hashtag))
#3 /app/system/CodeIgniter.php(318): CodeIgniter\CodeIgniter->handleRequest(NULL, Object(Config\Cache), false)
#4 /app/public/index.php(37): CodeIgniter\CodeIgniter->run()
#5 {main}
ERROR - 2022-01-12 09:24:58 --> Cannot delete or update a parent row: a foreign key constraint fails (`glimradb`.`post`, CONSTRAINT `fk_post_user` FOREIGN KEY (`user_id`) REFERENCES `user` (`user_id`) ON DELETE NO ACTION ON UPDATE CASCADE)
CRITICAL - 2022-01-12 09:24:58 --> Cannot delete or update a parent row: a foreign key constraint fails (`glimradb`.`post`, CONSTRAINT `fk_post_user` FOREIGN KEY (`user_id`) REFERENCES `user` (`user_id`) ON DELETE NO ACTION ON UPDATE CASCADE)
#0 /app/system/Database/MySQLi/Connection.php(292): mysqli->query('DELETE FROM use...', 0)
#1 /app/system/Database/BaseConnection.php(670): CodeIgniter\Database\MySQLi\Connection->execute('DELETE FROM use...')
#2 /app/system/Database/BaseConnection.php(598): CodeIgniter\Database\BaseConnection->simpleQuery('DELETE FROM use...')
#3 /app/app/Models/UserModel.php(114): CodeIgniter\Database\BaseConnection->query('DELETE FROM use...')
#4 /app/app/Controllers/User.php(333): App\Models\UserModel->delete_all_users()
#5 /app/system/CodeIgniter.php(824): App\Controllers\User->delete_all_users()
#6 /app/system/CodeIgniter.php(410): CodeIgniter\CodeIgniter->runController(Object(App\Controllers\User))
#7 /app/system/CodeIgniter.php(318): CodeIgniter\CodeIgniter->handleRequest(NULL, Object(Config\Cache), false)
#8 /app/public/index.php(37): CodeIgniter\CodeIgniter->run()
#9 {main}
CRITICAL - 2022-01-12 10:22:15 --> syntax error, unexpected token "if"
#0 /app/system/Router/Router.php(176): CodeIgniter\Router\Router->autoRoute('post/get_all_po...')
#1 /app/system/CodeIgniter.php(718): CodeIgniter\Router\Router->handle('post/get_all_po...')
#2 /app/system/CodeIgniter.php(359): CodeIgniter\CodeIgniter->tryToRouteIt(Object(CodeIgniter\Router\RouteCollection))
#3 /app/system/CodeIgniter.php(318): CodeIgniter\CodeIgniter->handleRequest(NULL, Object(Config\Cache), false)
#4 /app/public/index.php(37): CodeIgniter\CodeIgniter->run()
#5 {main}
CRITICAL - 2022-01-12 10:23:08 --> Too few arguments to function App\Models\PostModel::get_all_posts(), 0 passed in /app/app/Controllers/Post.php on line 60 and exactly 1 expected
#0 /app/app/Controllers/Post.php(60): App\Models\PostModel->get_all_posts()
#1 /app/system/CodeIgniter.php(824): App\Controllers\Post->get_all_posts()
#2 /app/system/CodeIgniter.php(410): CodeIgniter\CodeIgniter->runController(Object(App\Controllers\Post))
#3 /app/system/CodeIgniter.php(318): CodeIgniter\CodeIgniter->handleRequest(NULL, Object(Config\Cache), false)
#4 /app/public/index.php(37): CodeIgniter\CodeIgniter->run()
#5 {main}
CRITICAL - 2022-01-12 10:26:31 --> Undefined variable $data
#0 /app/app/Controllers/Post.php(415): CodeIgniter\Debug\Exceptions->errorHandler(2, 'Undefined varia...', '/app/app/Contro...', 415)
#1 /app/system/CodeIgniter.php(824): App\Controllers\Post->delete_all_posts()
#2 /app/system/CodeIgniter.php(410): CodeIgniter\CodeIgniter->runController(Object(App\Controllers\Post))
#3 /app/system/CodeIgniter.php(318): CodeIgniter\CodeIgniter->handleRequest(NULL, Object(Config\Cache), false)
#4 /app/public/index.php(37): CodeIgniter\CodeIgniter->run()
#5 {main}
CRITICAL - 2022-01-12 10:28:54 --> syntax error, unexpected token "if"
#0 /app/system/Router/Router.php(176): CodeIgniter\Router\Router->autoRoute('post/get_posts_...')
#1 /app/system/CodeIgniter.php(718): CodeIgniter\Router\Router->handle('post/get_posts_...')
#2 /app/system/CodeIgniter.php(359): CodeIgniter\CodeIgniter->tryToRouteIt(Object(CodeIgniter\Router\RouteCollection))
#3 /app/system/CodeIgniter.php(318): CodeIgniter\CodeIgniter->handleRequest(NULL, Object(Config\Cache), false)
#4 /app/public/index.php(37): CodeIgniter\CodeIgniter->run()
#5 {main}
CRITICAL - 2022-01-12 10:31:47 --> Undefined array key "images"
#0 /app/app/Controllers/Post.php(312): CodeIgniter\Debug\Exceptions->errorHandler(2, 'Undefined array...', '/app/app/Contro...', 312)
#1 /app/system/CodeIgniter.php(824): App\Controllers\Post->create_post()
#2 /app/system/CodeIgniter.php(410): CodeIgniter\CodeIgniter->runController(Object(App\Controllers\Post))
#3 /app/system/CodeIgniter.php(318): CodeIgniter\CodeIgniter->handleRequest(NULL, Object(Config\Cache), false)
#4 /app/public/index.php(37): CodeIgniter\CodeIgniter->run()
#5 {main}
CRITICAL - 2022-01-12 10:36:32 --> Undefined array key "images"
#0 /app/app/Controllers/Post.php(312): CodeIgniter\Debug\Exceptions->errorHandler(2, 'Undefined array...', '/app/app/Contro...', 312)
#1 /app/system/CodeIgniter.php(824): App\Controllers\Post->create_post()
#2 /app/system/CodeIgniter.php(410): CodeIgniter\CodeIgniter->runController(Object(App\Controllers\Post))
#3 /app/system/CodeIgniter.php(318): CodeIgniter\CodeIgniter->handleRequest(NULL, Object(Config\Cache), false)
#4 /app/public/index.php(37): CodeIgniter\CodeIgniter->run()
#5 {main}
CRITICAL - 2022-01-12 10:40:23 --> Undefined array key "images"
#0 /app/app/Controllers/Post.php(315): CodeIgniter\Debug\Exceptions->errorHandler(2, 'Undefined array...', '/app/app/Contro...', 315)
#1 /app/system/CodeIgniter.php(824): App\Controllers\Post->create_post()
#2 /app/system/CodeIgniter.php(410): CodeIgniter\CodeIgniter->runController(Object(App\Controllers\Post))
#3 /app/system/CodeIgniter.php(318): CodeIgniter\CodeIgniter->handleRequest(NULL, Object(Config\Cache), false)
#4 /app/public/index.php(37): CodeIgniter\CodeIgniter->run()
#5 {main}
CRITICAL - 2022-01-12 10:41:00 --> Undefined array key "images"
#0 /app/app/Controllers/Post.php(315): CodeIgniter\Debug\Exceptions->errorHandler(2, 'Undefined array...', '/app/app/Contro...', 315)
#1 /app/system/CodeIgniter.php(824): App\Controllers\Post->create_post()
#2 /app/system/CodeIgniter.php(410): CodeIgniter\CodeIgniter->runController(Object(App\Controllers\Post))
#3 /app/system/CodeIgniter.php(318): CodeIgniter\CodeIgniter->handleRequest(NULL, Object(Config\Cache), false)
#4 /app/public/index.php(37): CodeIgniter\CodeIgniter->run()
#5 {main}
CRITICAL - 2022-01-12 10:52:19 --> foreach() argument must be of type array|object, null given
#0 /app/app/Controllers/Post.php(318): CodeIgniter\Debug\Exceptions->errorHandler(2, 'foreach() argum...', '/app/app/Contro...', 318)
#1 /app/system/CodeIgniter.php(824): App\Controllers\Post->create_post()
#2 /app/system/CodeIgniter.php(410): CodeIgniter\CodeIgniter->runController(Object(App\Controllers\Post))
#3 /app/system/CodeIgniter.php(318): CodeIgniter\CodeIgniter->handleRequest(NULL, Object(Config\Cache), false)
#4 /app/public/index.php(37): CodeIgniter\CodeIgniter->run()
#5 {main}
CRITICAL - 2022-01-12 10:54:24 --> foreach() argument must be of type array|object, null given
#0 /app/app/Controllers/Post.php(318): CodeIgniter\Debug\Exceptions->errorHandler(2, 'foreach() argum...', '/app/app/Contro...', 318)
#1 /app/system/CodeIgniter.php(824): App\Controllers\Post->create_post()
#2 /app/system/CodeIgniter.php(410): CodeIgniter\CodeIgniter->runController(Object(App\Controllers\Post))
#3 /app/system/CodeIgniter.php(318): CodeIgniter\CodeIgniter->handleRequest(NULL, Object(Config\Cache), false)
#4 /app/public/index.php(37): CodeIgniter\CodeIgniter->run()
#5 {main}
CRITICAL - 2022-01-12 10:56:19 --> foreach() argument must be of type array|object, null given
#0 /app/app/Controllers/Post.php(318): CodeIgniter\Debug\Exceptions->errorHandler(2, 'foreach() argum...', '/app/app/Contro...', 318)
#1 /app/system/CodeIgniter.php(824): App\Controllers\Post->create_post()
#2 /app/system/CodeIgniter.php(410): CodeIgniter\CodeIgniter->runController(Object(App\Controllers\Post))
#3 /app/system/CodeIgniter.php(318): CodeIgniter\CodeIgniter->handleRequest(NULL, Object(Config\Cache), false)
#4 /app/public/index.php(37): CodeIgniter\CodeIgniter->run()
#5 {main}
CRITICAL - 2022-01-12 11:10:31 --> Undefined array key "image"
#0 /app/app/Models/PostModel.php(67): CodeIgniter\Debug\Exceptions->errorHandler(2, 'Undefined array...', '/app/app/Models...', 67)
#1 /app/app/Controllers/Post.php(348): App\Models\PostModel->create_post(Array)
#2 /app/system/CodeIgniter.php(824): App\Controllers\Post->create_post()
#3 /app/system/CodeIgniter.php(410): CodeIgniter\CodeIgniter->runController(Object(App\Controllers\Post))
#4 /app/system/CodeIgniter.php(318): CodeIgniter\CodeIgniter->handleRequest(NULL, Object(Config\Cache), false)
#5 /app/public/index.php(37): CodeIgniter\CodeIgniter->run()
#6 {main}
CRITICAL - 2022-01-12 11:12:49 --> Call to a member function isValid() on array
#0 /app/system/CodeIgniter.php(824): App\Controllers\Post->create_post()
#1 /app/system/CodeIgniter.php(410): CodeIgniter\CodeIgniter->runController(Object(App\Controllers\Post))
#2 /app/system/CodeIgniter.php(318): CodeIgniter\CodeIgniter->handleRequest(NULL, Object(Config\Cache), false)
#3 /app/public/index.php(37): CodeIgniter\CodeIgniter->run()
#4 {main}
CRITICAL - 2022-01-12 11:14:09 --> Call to a member function isValid() on array
#0 /app/system/CodeIgniter.php(824): App\Controllers\Post->create_post()
#1 /app/system/CodeIgniter.php(410): CodeIgniter\CodeIgniter->runController(Object(App\Controllers\Post))
#2 /app/system/CodeIgniter.php(318): CodeIgniter\CodeIgniter->handleRequest(NULL, Object(Config\Cache), false)
#3 /app/public/index.php(37): CodeIgniter\CodeIgniter->run()
#4 {main}
CRITICAL - 2022-01-12 11:16:49 --> Undefined array key "images"
#0 /app/app/Controllers/Post.php(314): CodeIgniter\Debug\Exceptions->errorHandler(2, 'Undefined array...', '/app/app/Contro...', 314)
#1 /app/system/CodeIgniter.php(824): App\Controllers\Post->create_post()
#2 /app/system/CodeIgniter.php(410): CodeIgniter\CodeIgniter->runController(Object(App\Controllers\Post))
#3 /app/system/CodeIgniter.php(318): CodeIgniter\CodeIgniter->handleRequest(NULL, Object(Config\Cache), false)
#4 /app/public/index.php(37): CodeIgniter\CodeIgniter->run()
#5 {main}
CRITICAL - 2022-01-12 11:18:37 --> Undefined array key "images"
#0 /app/app/Controllers/Post.php(314): CodeIgniter\Debug\Exceptions->errorHandler(2, 'Undefined array...', '/app/app/Contro...', 314)
#1 /app/system/CodeIgniter.php(824): App\Controllers\Post->create_post()
#2 /app/system/CodeIgniter.php(410): CodeIgniter\CodeIgniter->runController(Object(App\Controllers\Post))
#3 /app/system/CodeIgniter.php(318): CodeIgniter\CodeIgniter->handleRequest(NULL, Object(Config\Cache), false)
#4 /app/public/index.php(37): CodeIgniter\CodeIgniter->run()
#5 {main}
CRITICAL - 2022-01-12 11:20:11 --> Undefined array key "images"
#0 /app/app/Controllers/Post.php(314): CodeIgniter\Debug\Exceptions->errorHandler(2, 'Undefined array...', '/app/app/Contro...', 314)
#1 /app/system/CodeIgniter.php(824): App\Controllers\Post->create_post()
#2 /app/system/CodeIgniter.php(410): CodeIgniter\CodeIgniter->runController(Object(App\Controllers\Post))
#3 /app/system/CodeIgniter.php(318): CodeIgniter\CodeIgniter->handleRequest(NULL, Object(Config\Cache), false)
#4 /app/public/index.php(37): CodeIgniter\CodeIgniter->run()
#5 {main}
CRITICAL - 2022-01-12 11:21:04 --> Undefined array key "images"
#0 /app/app/Controllers/Post.php(314): CodeIgniter\Debug\Exceptions->errorHandler(2, 'Undefined array...', '/app/app/Contro...', 314)
#1 /app/system/CodeIgniter.php(824): App\Controllers\Post->create_post()
#2 /app/system/CodeIgniter.php(410): CodeIgniter\CodeIgniter->runController(Object(App\Controllers\Post))
#3 /app/system/CodeIgniter.php(318): CodeIgniter\CodeIgniter->handleRequest(NULL, Object(Config\Cache), false)
#4 /app/public/index.php(37): CodeIgniter\CodeIgniter->run()
#5 {main}
CRITICAL - 2022-01-12 11:23:14 --> Undefined array key "images"
#0 /app/app/Controllers/Post.php(314): CodeIgniter\Debug\Exceptions->errorHandler(2, 'Undefined array...', '/app/app/Contro...', 314)
#1 /app/system/CodeIgniter.php(824): App\Controllers\Post->create_post()
#2 /app/system/CodeIgniter.php(410): CodeIgniter\CodeIgniter->runController(Object(App\Controllers\Post))
#3 /app/system/CodeIgniter.php(318): CodeIgniter\CodeIgniter->handleRequest(NULL, Object(Config\Cache), false)
#4 /app/public/index.php(37): CodeIgniter\CodeIgniter->run()
#5 {main}
CRITICAL - 2022-01-12 11:25:02 --> Undefined array key "images"
#0 /app/app/Controllers/Post.php(316): CodeIgniter\Debug\Exceptions->errorHandler(2, 'Undefined array...', '/app/app/Contro...', 316)
#1 /app/system/CodeIgniter.php(824): App\Controllers\Post->create_post()
#2 /app/system/CodeIgniter.php(410): CodeIgniter\CodeIgniter->runController(Object(App\Controllers\Post))
#3 /app/system/CodeIgniter.php(318): CodeIgniter\CodeIgniter->handleRequest(NULL, Object(Config\Cache), false)
#4 /app/public/index.php(37): CodeIgniter\CodeIgniter->run()
#5 {main}
CRITICAL - 2022-01-12 11:26:31 --> Undefined array key "images"
#0 /app/app/Controllers/Post.php(316): CodeIgniter\Debug\Exceptions->errorHandler(2, 'Undefined array...', '/app/app/Contro...', 316)
#1 /app/system/CodeIgniter.php(824): App\Controllers\Post->create_post()
#2 /app/system/CodeIgniter.php(410): CodeIgniter\CodeIgniter->runController(Object(App\Controllers\Post))
#3 /app/system/CodeIgniter.php(318): CodeIgniter\CodeIgniter->handleRequest(NULL, Object(Config\Cache), false)
#4 /app/public/index.php(37): CodeIgniter\CodeIgniter->run()
#5 {main}
CRITICAL - 2022-01-12 11:29:53 --> Undefined array key "images"
#0 /app/app/Controllers/Post.php(317): CodeIgniter\Debug\Exceptions->errorHandler(2, 'Undefined array...', '/app/app/Contro...', 317)
#1 /app/system/CodeIgniter.php(824): App\Controllers\Post->create_post()
#2 /app/system/CodeIgniter.php(410): CodeIgniter\CodeIgniter->runController(Object(App\Controllers\Post))
#3 /app/system/CodeIgniter.php(318): CodeIgniter\CodeIgniter->handleRequest(NULL, Object(Config\Cache), false)
#4 /app/public/index.php(37): CodeIgniter\CodeIgniter->run()
#5 {main}
CRITICAL - 2022-01-12 11:31:12 --> Undefined array key "images"
#0 /app/app/Controllers/Post.php(317): CodeIgniter\Debug\Exceptions->errorHandler(2, 'Undefined array...', '/app/app/Contro...', 317)
#1 /app/system/CodeIgniter.php(824): App\Controllers\Post->create_post()
#2 /app/system/CodeIgniter.php(410): CodeIgniter\CodeIgniter->runController(Object(App\Controllers\Post))
#3 /app/system/CodeIgniter.php(318): CodeIgniter\CodeIgniter->handleRequest(NULL, Object(Config\Cache), false)
#4 /app/public/index.php(37): CodeIgniter\CodeIgniter->run()
#5 {main}
CRITICAL - 2022-01-12 11:42:48 --> Call to a member function isValid() on array
#0 /app/system/CodeIgniter.php(824): App\Controllers\Post->create_post()
#1 /app/system/CodeIgniter.php(410): CodeIgniter\CodeIgniter->runController(Object(App\Controllers\Post))
#2 /app/system/CodeIgniter.php(318): CodeIgniter\CodeIgniter->handleRequest(NULL, Object(Config\Cache), false)
#3 /app/public/index.php(37): CodeIgniter\CodeIgniter->run()
#4 {main}
CRITICAL - 2022-01-12 11:43:40 --> Call to a member function isValid() on array
#0 /app/system/CodeIgniter.php(824): App\Controllers\Post->create_post()
#1 /app/system/CodeIgniter.php(410): CodeIgniter\CodeIgniter->runController(Object(App\Controllers\Post))
#2 /app/system/CodeIgniter.php(318): CodeIgniter\CodeIgniter->handleRequest(NULL, Object(Config\Cache), false)
#3 /app/public/index.php(37): CodeIgniter\CodeIgniter->run()
#4 {main}
CRITICAL - 2022-01-12 11:43:54 --> Call to a member function isValid() on array
#0 /app/system/CodeIgniter.php(824): App\Controllers\Post->create_post()
#1 /app/system/CodeIgniter.php(410): CodeIgniter\CodeIgniter->runController(Object(App\Controllers\Post))
#2 /app/system/CodeIgniter.php(318): CodeIgniter\CodeIgniter->handleRequest(NULL, Object(Config\Cache), false)
#3 /app/public/index.php(37): CodeIgniter\CodeIgniter->run()
#4 {main}
CRITICAL - 2022-01-12 11:45:03 --> Undefined array key 0
#0 /app/app/Controllers/Post.php(315): CodeIgniter\Debug\Exceptions->errorHandler(2, 'Undefined array...', '/app/app/Contro...', 315)
#1 /app/system/CodeIgniter.php(824): App\Controllers\Post->create_post()
#2 /app/system/CodeIgniter.php(410): CodeIgniter\CodeIgniter->runController(Object(App\Controllers\Post))
#3 /app/system/CodeIgniter.php(318): CodeIgniter\CodeIgniter->handleRequest(NULL, Object(Config\Cache), false)
#4 /app/public/index.php(37): CodeIgniter\CodeIgniter->run()
#5 {main}
CRITICAL - 2022-01-12 11:45:20 --> Call to a member function isValid() on array
#0 /app/system/CodeIgniter.php(824): App\Controllers\Post->create_post()
#1 /app/system/CodeIgniter.php(410): CodeIgniter\CodeIgniter->runController(Object(App\Controllers\Post))
#2 /app/system/CodeIgniter.php(318): CodeIgniter\CodeIgniter->handleRequest(NULL, Object(Config\Cache), false)
#3 /app/public/index.php(37): CodeIgniter\CodeIgniter->run()
#4 {main}
CRITICAL - 2022-01-12 11:46:38 --> Undefined array key 0
#0 /app/app/Controllers/Post.php(317): CodeIgniter\Debug\Exceptions->errorHandler(2, 'Undefined array...', '/app/app/Contro...', 317)
#1 /app/system/CodeIgniter.php(824): App\Controllers\Post->create_post()
#2 /app/system/CodeIgniter.php(410): CodeIgniter\CodeIgniter->runController(Object(App\Controllers\Post))
#3 /app/system/CodeIgniter.php(318): CodeIgniter\CodeIgniter->handleRequest(NULL, Object(Config\Cache), false)
#4 /app/public/index.php(37): CodeIgniter\CodeIgniter->run()
#5 {main}
CRITICAL - 2022-01-12 11:46:49 --> Call to a member function isValid() on array
#0 /app/system/CodeIgniter.php(824): App\Controllers\Post->create_post()
#1 /app/system/CodeIgniter.php(410): CodeIgniter\CodeIgniter->runController(Object(App\Controllers\Post))
#2 /app/system/CodeIgniter.php(318): CodeIgniter\CodeIgniter->handleRequest(NULL, Object(Config\Cache), false)
#3 /app/public/index.php(37): CodeIgniter\CodeIgniter->run()
#4 {main}
CRITICAL - 2022-01-12 11:47:17 --> Call to a member function isValid() on array
#0 /app/system/CodeIgniter.php(824): App\Controllers\Post->create_post()
#1 /app/system/CodeIgniter.php(410): CodeIgniter\CodeIgniter->runController(Object(App\Controllers\Post))
#2 /app/system/CodeIgniter.php(318): CodeIgniter\CodeIgniter->handleRequest(NULL, Object(Config\Cache), false)
#3 /app/public/index.php(37): CodeIgniter\CodeIgniter->run()
#4 {main}
CRITICAL - 2022-01-12 11:47:48 --> Call to a member function isValid() on array
#0 /app/system/CodeIgniter.php(824): App\Controllers\Post->create_post()
#1 /app/system/CodeIgniter.php(410): CodeIgniter\CodeIgniter->runController(Object(App\Controllers\Post))
#2 /app/system/CodeIgniter.php(318): CodeIgniter\CodeIgniter->handleRequest(NULL, Object(Config\Cache), false)
#3 /app/public/index.php(37): CodeIgniter\CodeIgniter->run()
#4 {main}
CRITICAL - 2022-01-12 11:49:24 --> Undefined array key "images"
#0 /app/app/Controllers/Post.php(315): CodeIgniter\Debug\Exceptions->errorHandler(2, 'Undefined array...', '/app/app/Contro...', 315)
#1 /app/system/CodeIgniter.php(824): App\Controllers\Post->create_post()
#2 /app/system/CodeIgniter.php(410): CodeIgniter\CodeIgniter->runController(Object(App\Controllers\Post))
#3 /app/system/CodeIgniter.php(318): CodeIgniter\CodeIgniter->handleRequest(NULL, Object(Config\Cache), false)
#4 /app/public/index.php(37): CodeIgniter\CodeIgniter->run()
#5 {main}
